 ANSYS
      License feature : Explicit - Basic
      License type    : Academic Student



       AAAAAA   UU    UU  TTTTTTTT   OOOOOO   DDDDDDD   YY    YY  NN    NN  TM
      AA    AA  UU    UU     TT     OO    OO  DD    DD   YY  YY   NNN   NN
      AA    AA  UU    UU     TT     OO    OO  DD    DD    YYYY    NNNN  NN
      AAAAAAAA  UU    UU     TT     OO    OO  DD    DD     YY     NN NN NN
      AA    AA  UU    UU     TT     OO    OO  DD    DD     YY     NN  NNNN
      AA    AA  UU    UU     TT     OO    OO  DD    DD     YY     NN   NNN
      AA    AA   UUUUUU      TT      OOOOOO   DDDDDDD      YY     NN    NN




           Copyright (C) 2021, ANSYS, Inc.  All rights reserved.
           Unauthorized use, distribution or duplication is prohibited.




 




                                2021 R2
                                   
                 Point Releases and Patches installed:
                                   
                       Academic Student 2021 R2
                             Aqwa 2021 R2
                            EnSight 2021 R2
                          FENSAP-ICE 2021 R2




                            Solver :   EXPLICIT
                             Build :   AUTODYN-3D Academic V-2021 R2           
                Model File Version :   2021 R2
                        Build Date :   20210531
                 Current Date/Time :   20211223 21:18 (+0100GMT)
                          Platform :   64 bit
                              Beta :   FALSE
                   User Subroutine :   FALSE
               MPI Library Version :   Intel(R) MPI Library 2018 Update 3 for Windows* OS





                             IDENT :   admodel                                                                                                                                                                                                                                                         
                             Title :                                           
                       Description :                                                                                                                                                                                                                                                                   
                       Start Cycle :            0
                        Start Time :  0.00000E+00
                         Precision :   Double




   UNITS

                            Length :   millimeter
                              Mass :   milligram 
                              Time :   millisec. 




   SYMMETRY PLANES

             Symmetry plane at X=0 :   No        
                               Y=0 :   No        
                               Z=0 :   No        




   WRAPUP PARAMETERS

                       Cycle Limit :     10000000
                        Time Limit :  1.00000E+00
     Maximum Energy Error Fraction :  1.00000E-01
            Energy Reference Cycle :            0




   MULTIPLE LOADSTEP DEFINITION

     Step    Type             Step End Time   Static Damping   Convergence Tol.  Max. Iterations

        1    Standard         1.0000E+00      0.0000E+00




   LOADSTEP OUTPUT CONTROLS

     Step    Results       Value      Restarts       Value      Trackers      Value

        1    Global          -         Global          -         Global          -     




   TIME STEP INFORMATION

                 Minimum Time Step :  2.55646E-07
                 Maximum Time Step :  1.00000E+08
                 Initial Time Step :  2.55646E-06
           Time Step Safety Factor :  9.00000E-01
                      Mass scaling :  OFF




   GRAVITATIONAL CONSTANTS

             Global X Gravity :  0.00000E+00
             Global Y Gravity :  0.00000E+00
             Global Z Gravity :  0.00000E+00




   GRAVITATIONAL AND ACCELERATION CONSTANTS - SUM AT START CYCLE

             Total  X Acceleration :  0.00000E+00
             Total  Y Acceleration :  0.00000E+00
             Total  Z Acceleration :  0.00000E+00





 
   DAMPING CONSTANTS

                 Hourglass Damping :  1.00000E-01
                    Static Damping : Per loadstep




   ARTIFICIAL VISCOSITY

               Quadratic Viscosity :  1.00000E+00
                  Linear Viscosity :  2.00000E-01
     Apply Lin.vis. in exp. for HE :  No
     Art. vis. in structured shells:  Yes




   GLOBAL OUTPUT CONTROLS

                    Save Results On  : Time
                    Increments :        5.00000E-02
                    Save Restarts On  : Time
                    Increments :        2.00000E-01
                    Save Trackers On : Cycles
                    Increments :        1.00000E+00




   CUTOFF VALUES

                   Velocity Cutoff :  1.00000E-06
                 Soundspeed Cutoff :  1.00000E-06
                     Radius Cutoff :  1.00000E-03
                  Maximum Velocity :  1.00000E+10
               Maximum Temperature :  1.01000E+20
                    Join Tolerance :  5.00000E-02




   METHOD OF CALCULATING CHARACTERISTIC ZONE DIMENSION

                     Method to Use :  Diagonals




   METHOD OF UPDATING LAG/ALE CELL DENSITIES AND COMPRESSIONS

                     Method to Use :  Automatic




   USER VARIABLES

     Fortran name  User name     Restart  Rezone

     VAR01         VAR.1         N        N
     VAR02         VAR.2         N        N
     VAR03         VAR.3         N        N
     VAR04         VAR.4         N        N
     VAR05         VAR.5         N        N
     VAR06         VAR.6         N        N
     VAR07         VAR.7         N        N
     VAR08         VAR.8         N        N
     VAR09         VAR.9         N        N
     VAR10         VAR.10        N        N
     VAR11         VAR.11        N        N
     VAR12         VAR.12        N        N
     VAR13         VAR.13        N        N
     VAR14         VAR.14        N        N
     VAR15         VAR.15        N        N
     VAR16         VAR.16        N        N
     VAR17         VAR.17        N        N
     VAR18         VAR.18        N        N
     VAR19         VAR.19        N        N
     VAR20         VAR.20        N        N





 
   GLOBAL MATERIAL SETTINGS

      Shell yield converg. accuracy:  High




   MATERIALS



                         MATERIAL NAME: Aluminum Alloy                


                     Equation of State             Linear                                                                          

          Reference density                      (g/cm3   ) 2.77000E+00
          Bulk Modulus                           (kPa     ) 6.96078E+07
          Reference Temperature                  (K       ) 2.95150E+02
          Specific Heat                          (J/kgK   ) 8.75000E+02
          Thermal Conductivity                   (J/mKs   ) 0.00000E+00


                     Strength                      Elastic                                                                         

          Shear Modulus                          (kPa     ) 2.66917E+07


                     Failure                       None                                                                            



                     Erosion                       None                                                                            



                     Material Cutoffs              

          Maximum Expansion                      (none    ) 1.00000E-01
          Minimum Density Factor                 (none    ) 1.00000E-04
          Minimum Density Factor (SPH)           (none    ) 2.00000E-01
          Maximum Density Factor (SPH)           (none    ) 3.00000E+00
          Minimum Soundspeed                     (m/s     ) 1.00000E-06
          Maximum Soundspeed (SPH)               (m/s     ) 1.01000E+20
          Maximum Temperature                    (K       ) 1.01000E+20


           Reference: 
                                                                                                                                                                                                                                                                


           Notes: 
                                                                                                                                                                                                                                                                


                         MATERIAL NAME: Structural Steel              


                     Equation of State             Linear                                                                          

          Reference density                      (g/cm3   ) 7.85000E+00
          Bulk Modulus                           (kPa     ) 1.66667E+08
          Reference Temperature                  (K       ) 2.95150E+02
          Specific Heat                          (J/kgK   ) 4.34000E+02
          Thermal Conductivity                   (J/mKs   ) 0.00000E+00


                     Strength                      Elastic                                                                         

          Shear Modulus                          (kPa     ) 7.69231E+07


                     Failure                       None                                                                            



                     Erosion                       None                                                                            



                     Material Cutoffs              

          Maximum Expansion                      (none    ) 1.00000E-01
          Minimum Density Factor                 (none    ) 1.00000E-04
          Minimum Density Factor (SPH)           (none    ) 2.00000E-01
          Maximum Density Factor (SPH)           (none    ) 3.00000E+00
          Minimum Soundspeed                     (m/s     ) 1.00000E-06
          Maximum Soundspeed (SPH)               (m/s     ) 1.01000E+20
          Maximum Temperature                    (K       ) 1.01000E+20


           Reference: 
                                                                                                                                                                                                                                                                


           Notes: 
                                                                                                                                                                                                                                                                









 
   BOUNDARY CONDITIONS



                     Fixed Support : General 3D Velocity                                             

                  Constant X velocity  :  0.00000E+00
                  Constant Y velocity  :  0.00000E+00
                  Constant Z velocity  :  0.00000E+00
           Constant ang. vel. about X  :  0.00000E+00
           Constant ang. vel. about Y  :  0.00000E+00
           Constant ang. vel. about Z  :  0.00000E+00









 
     UNSTRUCTURED PARTS

           PART                  NO. ELEMENTS         ELEMENT TYPE   ARTIFICIAL VISC.   HOURGLASS CONTROL     VISCOUS COEFF.   

       1   Part 1                         289            Hex 8            Yes           AD STANDARD            1.00000E-01
       2   Part 2                         289            Hex 8            Yes           AD STANDARD            1.00000E-01
       3   Part 3                        4331            Hex 8            Yes           AD STANDARD            1.00000E-01
       3   Part 3                         436            Penta 6          Yes           AD STANDARD            1.00000E-01
       4   Part 4                        4331            Hex 8            Yes           AD STANDARD            1.00000E-01
       4   Part 4                         436            Penta 6          Yes           AD STANDARD            1.00000E-01
       5   Part 5                        4332            Hex 8            Yes           AD STANDARD            1.00000E-01
       5   Part 5                         434            Penta 6          Yes           AD STANDARD            1.00000E-01
       6   Part 6                        4319            Hex 8            Yes           AD STANDARD            1.00000E-01
       6   Part 6                         460            Penta 6          Yes           AD STANDARD            1.00000E-01
       7   Part 7                        4261            Hex 8            Yes           AD STANDARD            1.00000E-01
       7   Part 7                         576            Penta 6          Yes           AD STANDARD            1.00000E-01
       8   Part 8                        4268            Hex 8            Yes           AD STANDARD            1.00000E-01
       8   Part 8                         562            Penta 6          Yes           AD STANDARD            1.00000E-01
       9   Part 9                        4255            Hex 8            Yes           AD STANDARD            1.00000E-01
       9   Part 9                         588            Penta 6          Yes           AD STANDARD            1.00000E-01

           TOTAL NUMBER ELEMENTS:       34167
           TOTAL NUMBER NODES:          98792




     BODY CONTROL SPECIFICATION

            

            

       SOLID PART(S)

           PART                  TET INTEGRATION TYPE         HEX INTEGRATION TYPE         HOURGLASS DAMPING        VISCOUS COEFF.    STIFFNESS COEFF.      PUSO STAB.   

       1  Part 1                 N/A                                EXACT                  AD STANDARD               1.00000E-01         0.00000E+00        0.00000E+00
       2  Part 2                 N/A                                EXACT                  AD STANDARD               1.00000E-01         0.00000E+00        0.00000E+00
       3  Part 3                 N/A                                EXACT                  AD STANDARD               1.00000E-01         0.00000E+00        0.00000E+00
       4  Part 4                 N/A                                EXACT                  AD STANDARD               1.00000E-01         0.00000E+00        0.00000E+00
       5  Part 5                 N/A                                EXACT                  AD STANDARD               1.00000E-01         0.00000E+00        0.00000E+00
       6  Part 6                 N/A                                EXACT                  AD STANDARD               1.00000E-01         0.00000E+00        0.00000E+00
       7  Part 7                 N/A                                EXACT                  AD STANDARD               1.00000E-01         0.00000E+00        0.00000E+00
       8  Part 8                 N/A                                EXACT                  AD STANDARD               1.00000E-01         0.00000E+00        0.00000E+00
       9  Part 9                 N/A                                EXACT                  AD STANDARD               1.00000E-01         0.00000E+00        0.00000E+00
            

   PART ACTIVATION / DEACTIVATION TIMES

           PART           ACTIVATION   DEACTIVATION
                             TIME          TIME





 
   EDITS

       EDIT FREQUENCY
       EDIT TYPE   HOW DONE          START           END     INCREMENT

       SAVE        by times    0.00000E+00   1.00000E+00   2.00000E-01
       GRIDVAR     Never     
       ENERGYSUM   by times    0.00000E+00   1.00000E+00   2.00000E-01
       CYCSUM      Never     
       HISTORY     by cycles             0      10000000             1
       USER        Never     
       FIELD       Never     

 
   INTERACTIONS

          Using trajectory contact:  Yes
                            Method:  Penalty
                   Sliding Surface:  Discrete
                     Penalty Force:  Harmonic Mass
           Group Contact Treatment:  Lumped
            Shell thickness factor:  0.00000E+00
            Full SPH radius (beta):  No        
                  Search Algorithm:  Cube            
              Retention of Inertia:  Yes       
                  Self-interaction:  Yes       
             Self-interaction Tol.:  2.00000E-01

     Part Name       I-range             J-range             K-range
     Part 1                              Active
     Part 2                              Active
     Part 3                              Active
     Part 4                              Active
     Part 5                              Active
     Part 6                              Active
     Part 7                              Active
     Part 8                              Active
     Part 9                              Active

     No coefficients of friction have been specified













 
   BONDED CONTACT SUMMARY

     Bonded Contact Penalty Factor (Default):      1.00000E-01
                                                                                                                                             Number of Bonded Nodes
                                            Bond Name                 Max Offset    Breakable     Behaviour        Penalty      Tolerance   Candidates       Actual    Bonded    Internal Bond Name
     Contact Region                                                  1.00000E-04           No     Symmetric  Harmonic Mass   Min Distance          400           76    19.00%  BONDED -    1       
     Contact Region 2                                                1.00000E-04           No     Symmetric  Harmonic Mass   Min Distance          400           76    19.00%  BONDED -    2       
     Contact Region 3                                                1.00000E-04           No     Symmetric  Harmonic Mass   Min Distance          400           76    19.00%  BONDED -    3       
     Contact Region 4                                                1.00000E-04           No     Symmetric  Harmonic Mass   Min Distance          400           82    20.50%  BONDED -    4       
     Contact Region 5                                                1.00000E-04           No     Symmetric  Harmonic Mass   Min Distance          400           76    19.00%  BONDED -    5       
     Contact Region 6                                                1.00000E-04           No     Symmetric  Harmonic Mass   Min Distance          400           76    19.00%  BONDED -    6       
     Contact Region 7                                                1.00000E-04           No     Symmetric  Harmonic Mass   Min Distance          400           82    20.50%  BONDED -    7       


                                            Scope Definition:   
     Contact Region                                             
       Internal name: BONDED -    1       
       Group(s):     
                              BONDED- 2                                  289 Faces
                              BONDED- 1                                   19 Faces
     Contact Region 2                                           
       Internal name: BONDED -    2       
       Group(s):     
                              BONDED- 4                                  289 Faces
                              BONDED- 3                                   19 Faces
     Contact Region 3                                           
       Internal name: BONDED -    3       
       Group(s):     
                              BONDED- 6                                  289 Faces
                              BONDED- 5                                   19 Faces
     Contact Region 4                                           
       Internal name: BONDED -    4       
       Group(s):     
                              BONDED- 8                                  289 Faces
                              BONDED- 7                                   19 Faces
     Contact Region 5                                           
       Internal name: BONDED -    5       
       Group(s):     
                              BONDED-10                                  289 Faces
                              BONDED- 9                                   19 Faces
     Contact Region 6                                           
       Internal name: BONDED -    6       
       Group(s):     
                              BONDED-12                                  289 Faces
                              BONDED-11                                   19 Faces
     Contact Region 7                                           
       Internal name: BONDED -    7       
       Group(s):     
                              BONDED-14                                  289 Faces
                              BONDED-13                                   19 Faces





CYCLE       0, TIME=  0.000E+00                                                                                  ENERGY SUMMARY EDIT
 


ENERGY AND MOMENTUM PARTITIONING BY MATERIALS

                                                         INTERNAL   KINETIC
MATERIAL                                 MASS    VOLUME    ENERGY    ENERGY XMOMENTUM YMOMENTUM ZMOMENTUM

Aluminum Alloy                      1.045E+06 3.772E+05 0.000E+00 1.306E+09 5.224E+07 0.000E+00-1.824E-07
Structural Steel                    1.426E+06 1.816E+05 0.000E+00 0.000E+00 0.000E+00 0.000E+00 0.000E+00
---------------------------------------------------------------------------------------------------------
TOTALS                              2.471E+06 5.588E+05 0.000E+00 1.306E+09 5.224E+07 0.000E+00-1.824E-07


ENERGY AND MOMENTUM PARTITIONING BY PARTS

                                                         INTERNAL   KINETIC                               HOURGLASS   CONTACT
PART                                     MASS    VOLUME    ENERGY    ENERGY XMOMENTUM YMOMENTUM ZMOMENTUM    ENERGY    ENERGY

Part 1                              5.032E+05 1.816E+05 0.000E+00 6.289E+08 2.516E+07 0.000E+00-8.784E-08 0.000E+00 0.000E+00
Part 2                              1.426E+06 1.816E+05 0.000E+00 0.000E+00 0.000E+00 0.000E+00 0.000E+00 0.000E+00 0.000E+00
Part 3                              7.737E+04 2.793E+04 0.000E+00 9.671E+07 3.869E+06 0.000E+00-1.351E-08 0.000E+00 0.000E+00
Part 4                              7.737E+04 2.793E+04 0.000E+00 9.671E+07 3.869E+06 0.000E+00-1.351E-08 0.000E+00 0.000E+00
Part 5                              7.737E+04 2.793E+04 0.000E+00 9.671E+07 3.869E+06 0.000E+00-1.351E-08 0.000E+00 0.000E+00
Part 6                              7.737E+04 2.793E+04 0.000E+00 9.671E+07 3.869E+06 0.000E+00-1.351E-08 0.000E+00 0.000E+00
Part 7                              7.737E+04 2.793E+04 0.000E+00 9.671E+07 3.869E+06 0.000E+00-1.351E-08 0.000E+00 0.000E+00
Part 8                              7.737E+04 2.793E+04 0.000E+00 9.671E+07 3.869E+06 0.000E+00-1.351E-08 0.000E+00 0.000E+00
Part 9                              7.737E+04 2.793E+04 0.000E+00 9.671E+07 3.869E+06 0.000E+00-1.351E-08 0.000E+00 0.000E+00
-----------------------------------------------------------------------------------------------------------------------------
TOTALS                              2.471E+06 5.588E+05 0.000E+00 1.306E+09 5.224E+07 0.000E+00-1.824E-07 0.000E+00 0.000E+00


ENERGY AND MOMENTUM BALANCE

INITIAL ENERGY  1.306E+09, X-MOM  5.224E+07, Y-MOM  0.000E+00, Z-MOM -1.824E-07
EXTERNAL WORK   0.000E+00, X-IMP  0.000E+00, Y-IMP  0.000E+00, Z-IMP  0.000E+00
CONTACT ENERGY  0.000E+00
CURRENT ENERGY  1.306E+09, X-MOM  5.224E+07, Y-MOM  0.000E+00, Z-MOM -1.824E-07
-------------------------------------------------------------------------------
ERROR           0.000E+00         0.000E+00         0.000E+00         0.000E+00

CYCLE   11886, TIME=  2.000E-01                                                                                  ENERGY SUMMARY EDIT
 


ENERGY AND MOMENTUM PARTITIONING BY MATERIALS

                                                         INTERNAL   KINETIC
MATERIAL                                 MASS    VOLUME    ENERGY    ENERGY XMOMENTUM YMOMENTUM ZMOMENTUM

Aluminum Alloy                      1.045E+06 3.772E+05 0.000E+00 1.306E+09 5.224E+07 0.000E+00 0.000E+00
Structural Steel                    1.426E+06 1.816E+05 0.000E+00 0.000E+00 0.000E+00 0.000E+00 0.000E+00
---------------------------------------------------------------------------------------------------------
TOTALS                              2.471E+06 5.588E+05 0.000E+00 1.306E+09 5.224E+07 0.000E+00 0.000E+00


ENERGY AND MOMENTUM PARTITIONING BY PARTS

                                                         INTERNAL   KINETIC                               HOURGLASS   CONTACT
PART                                     MASS    VOLUME    ENERGY    ENERGY XMOMENTUM YMOMENTUM ZMOMENTUM    ENERGY    ENERGY

Part 1                              5.032E+05 1.816E+05 0.000E+00 6.289E+08 2.516E+07 0.000E+00 0.000E+00 0.000E+00 0.000E+00
Part 2                              1.426E+06 1.816E+05 0.000E+00 0.000E+00 0.000E+00 0.000E+00 0.000E+00 0.000E+00 0.000E+00
Part 3                              7.737E+04 2.793E+04 0.000E+00 9.671E+07 3.869E+06 0.000E+00 0.000E+00 0.000E+00 0.000E+00
Part 4                              7.737E+04 2.793E+04 0.000E+00 9.671E+07 3.869E+06 0.000E+00 0.000E+00 0.000E+00 0.000E+00
Part 5                              7.737E+04 2.793E+04 0.000E+00 9.671E+07 3.869E+06 0.000E+00 0.000E+00 0.000E+00 0.000E+00
Part 6                              7.737E+04 2.793E+04 0.000E+00 9.671E+07 3.869E+06 0.000E+00 0.000E+00 0.000E+00 0.000E+00
Part 7                              7.737E+04 2.793E+04 0.000E+00 9.671E+07 3.869E+06 0.000E+00 0.000E+00 0.000E+00 0.000E+00
Part 8                              7.737E+04 2.793E+04 0.000E+00 9.671E+07 3.869E+06 0.000E+00 0.000E+00 0.000E+00 0.000E+00
Part 9                              7.737E+04 2.793E+04 0.000E+00 9.671E+07 3.869E+06 0.000E+00 0.000E+00 0.000E+00 0.000E+00
-----------------------------------------------------------------------------------------------------------------------------
TOTALS                              2.471E+06 5.588E+05 0.000E+00 1.306E+09 5.224E+07 0.000E+00 0.000E+00 0.000E+00 0.000E+00


ENERGY AND MOMENTUM BALANCE

INITIAL ENERGY  1.306E+09, X-MOM  5.224E+07, Y-MOM  0.000E+00, Z-MOM -1.824E-07
EXTERNAL WORK   0.000E+00, X-IMP  0.000E+00, Y-IMP  0.000E+00, Z-IMP  0.000E+00
CONTACT ENERGY  0.000E+00
CURRENT ENERGY  1.306E+09, X-MOM  5.224E+07, Y-MOM  0.000E+00, Z-MOM  0.000E+00
-------------------------------------------------------------------------------
ERROR           9.060E-06        -1.714E-07         0.000E+00         1.824E-07

CYCLE   23760, TIME=  4.000E-01                                                                                  ENERGY SUMMARY EDIT
 


ENERGY AND MOMENTUM PARTITIONING BY MATERIALS

                                                         INTERNAL   KINETIC
MATERIAL                                 MASS    VOLUME    ENERGY    ENERGY XMOMENTUM YMOMENTUM ZMOMENTUM

Aluminum Alloy                      1.045E+06 3.772E+05 0.000E+00 1.306E+09 5.224E+07 0.000E+00 0.000E+00
Structural Steel                    1.426E+06 1.816E+05 0.000E+00 0.000E+00 0.000E+00 0.000E+00 0.000E+00
---------------------------------------------------------------------------------------------------------
TOTALS                              2.471E+06 5.588E+05 0.000E+00 1.306E+09 5.224E+07 0.000E+00 0.000E+00


ENERGY AND MOMENTUM PARTITIONING BY PARTS

                                                         INTERNAL   KINETIC                               HOURGLASS   CONTACT
PART                                     MASS    VOLUME    ENERGY    ENERGY XMOMENTUM YMOMENTUM ZMOMENTUM    ENERGY    ENERGY

Part 1                              5.032E+05 1.816E+05 0.000E+00 6.289E+08 2.516E+07 0.000E+00 0.000E+00 0.000E+00 0.000E+00
Part 2                              1.426E+06 1.816E+05 0.000E+00 0.000E+00 0.000E+00 0.000E+00 0.000E+00 0.000E+00 0.000E+00
Part 3                              7.737E+04 2.793E+04 0.000E+00 9.671E+07 3.869E+06 0.000E+00 0.000E+00 0.000E+00 0.000E+00
Part 4                              7.737E+04 2.793E+04 0.000E+00 9.671E+07 3.869E+06 0.000E+00 0.000E+00 0.000E+00 0.000E+00
Part 5                              7.737E+04 2.793E+04 0.000E+00 9.671E+07 3.869E+06 0.000E+00 0.000E+00 0.000E+00 0.000E+00
Part 6                              7.737E+04 2.793E+04 0.000E+00 9.671E+07 3.869E+06 0.000E+00 0.000E+00 0.000E+00 0.000E+00
Part 7                              7.737E+04 2.793E+04 0.000E+00 9.671E+07 3.869E+06 0.000E+00 0.000E+00 0.000E+00 0.000E+00
Part 8                              7.737E+04 2.793E+04 0.000E+00 9.671E+07 3.869E+06 0.000E+00 0.000E+00 0.000E+00 0.000E+00
Part 9                              7.737E+04 2.793E+04 0.000E+00 9.671E+07 3.869E+06 0.000E+00 0.000E+00 0.000E+00 0.000E+00
-----------------------------------------------------------------------------------------------------------------------------
TOTALS                              2.471E+06 5.588E+05 0.000E+00 1.306E+09 5.224E+07 0.000E+00 0.000E+00 0.000E+00 0.000E+00


ENERGY AND MOMENTUM BALANCE

INITIAL ENERGY  1.306E+09, X-MOM  5.224E+07, Y-MOM  0.000E+00, Z-MOM -1.824E-07
EXTERNAL WORK   0.000E+00, X-IMP  0.000E+00, Y-IMP  0.000E+00, Z-IMP  0.000E+00
CONTACT ENERGY  0.000E+00
CURRENT ENERGY  1.306E+09, X-MOM  5.224E+07, Y-MOM  0.000E+00, Z-MOM  0.000E+00
-------------------------------------------------------------------------------
ERROR           9.060E-06        -1.714E-07         0.000E+00         1.824E-07

CYCLE   35635, TIME=  6.000E-01                                                                                  ENERGY SUMMARY EDIT
 


ENERGY AND MOMENTUM PARTITIONING BY MATERIALS

                                                         INTERNAL   KINETIC
MATERIAL                                 MASS    VOLUME    ENERGY    ENERGY XMOMENTUM YMOMENTUM ZMOMENTUM

Aluminum Alloy                      1.045E+06 3.772E+05 0.000E+00 1.306E+09 5.224E+07 0.000E+00 0.000E+00
Structural Steel                    1.426E+06 1.816E+05 0.000E+00 0.000E+00 0.000E+00 0.000E+00 0.000E+00
---------------------------------------------------------------------------------------------------------
TOTALS                              2.471E+06 5.588E+05 0.000E+00 1.306E+09 5.224E+07 0.000E+00 0.000E+00


ENERGY AND MOMENTUM PARTITIONING BY PARTS

                                                         INTERNAL   KINETIC                               HOURGLASS   CONTACT
PART                                     MASS    VOLUME    ENERGY    ENERGY XMOMENTUM YMOMENTUM ZMOMENTUM    ENERGY    ENERGY

Part 1                              5.032E+05 1.816E+05 0.000E+00 6.289E+08 2.516E+07 0.000E+00 0.000E+00 0.000E+00 0.000E+00
Part 2                              1.426E+06 1.816E+05 0.000E+00 0.000E+00 0.000E+00 0.000E+00 0.000E+00 0.000E+00 0.000E+00
Part 3                              7.737E+04 2.793E+04 0.000E+00 9.671E+07 3.869E+06 0.000E+00 0.000E+00 0.000E+00 0.000E+00
Part 4                              7.737E+04 2.793E+04 0.000E+00 9.671E+07 3.869E+06 0.000E+00 0.000E+00 0.000E+00 0.000E+00
Part 5                              7.737E+04 2.793E+04 0.000E+00 9.671E+07 3.869E+06 0.000E+00 0.000E+00 0.000E+00 0.000E+00
Part 6                              7.737E+04 2.793E+04 0.000E+00 9.671E+07 3.869E+06 0.000E+00 0.000E+00 0.000E+00 0.000E+00
Part 7                              7.737E+04 2.793E+04 0.000E+00 9.671E+07 3.869E+06 0.000E+00 0.000E+00 0.000E+00 0.000E+00
Part 8                              7.737E+04 2.793E+04 0.000E+00 9.671E+07 3.869E+06 0.000E+00 0.000E+00 0.000E+00 0.000E+00
Part 9                              7.737E+04 2.793E+04 0.000E+00 9.671E+07 3.869E+06 0.000E+00 0.000E+00 0.000E+00 0.000E+00
-----------------------------------------------------------------------------------------------------------------------------
TOTALS                              2.471E+06 5.588E+05 0.000E+00 1.306E+09 5.224E+07 0.000E+00 0.000E+00 0.000E+00 0.000E+00


ENERGY AND MOMENTUM BALANCE

INITIAL ENERGY  1.306E+09, X-MOM  5.224E+07, Y-MOM  0.000E+00, Z-MOM -1.824E-07
EXTERNAL WORK   0.000E+00, X-IMP  0.000E+00, Y-IMP  0.000E+00, Z-IMP  0.000E+00
CONTACT ENERGY  0.000E+00
CURRENT ENERGY  1.306E+09, X-MOM  5.224E+07, Y-MOM  0.000E+00, Z-MOM  0.000E+00
-------------------------------------------------------------------------------
ERROR           9.060E-06        -1.714E-07         0.000E+00         1.824E-07

CYCLE   47510, TIME=  8.000E-01                                                                                  ENERGY SUMMARY EDIT
 


ENERGY AND MOMENTUM PARTITIONING BY MATERIALS

                                                         INTERNAL   KINETIC
MATERIAL                                 MASS    VOLUME    ENERGY    ENERGY XMOMENTUM YMOMENTUM ZMOMENTUM

Aluminum Alloy                      1.045E+06 3.772E+05 0.000E+00 1.306E+09 5.224E+07 0.000E+00 0.000E+00
Structural Steel                    1.426E+06 1.816E+05 0.000E+00 0.000E+00 0.000E+00 0.000E+00 0.000E+00
---------------------------------------------------------------------------------------------------------
TOTALS                              2.471E+06 5.588E+05 0.000E+00 1.306E+09 5.224E+07 0.000E+00 0.000E+00


ENERGY AND MOMENTUM PARTITIONING BY PARTS

                                                         INTERNAL   KINETIC                               HOURGLASS   CONTACT
PART                                     MASS    VOLUME    ENERGY    ENERGY XMOMENTUM YMOMENTUM ZMOMENTUM    ENERGY    ENERGY

Part 1                              5.032E+05 1.816E+05 0.000E+00 6.289E+08 2.516E+07 0.000E+00 0.000E+00 0.000E+00 0.000E+00
Part 2                              1.426E+06 1.816E+05 0.000E+00 0.000E+00 0.000E+00 0.000E+00 0.000E+00 0.000E+00 0.000E+00
Part 3                              7.737E+04 2.793E+04 0.000E+00 9.671E+07 3.869E+06 0.000E+00 0.000E+00 0.000E+00 0.000E+00
Part 4                              7.737E+04 2.793E+04 0.000E+00 9.671E+07 3.869E+06 0.000E+00 0.000E+00 0.000E+00 0.000E+00
Part 5                              7.737E+04 2.793E+04 0.000E+00 9.671E+07 3.869E+06 0.000E+00 0.000E+00 0.000E+00 0.000E+00
Part 6                              7.737E+04 2.793E+04 0.000E+00 9.671E+07 3.869E+06 0.000E+00 0.000E+00 0.000E+00 0.000E+00
Part 7                              7.737E+04 2.793E+04 0.000E+00 9.671E+07 3.869E+06 0.000E+00 0.000E+00 0.000E+00 0.000E+00
Part 8                              7.737E+04 2.793E+04 0.000E+00 9.671E+07 3.869E+06 0.000E+00 0.000E+00 0.000E+00 0.000E+00
Part 9                              7.737E+04 2.793E+04 0.000E+00 9.671E+07 3.869E+06 0.000E+00 0.000E+00 0.000E+00 0.000E+00
-----------------------------------------------------------------------------------------------------------------------------
TOTALS                              2.471E+06 5.588E+05 0.000E+00 1.306E+09 5.224E+07 0.000E+00 0.000E+00 0.000E+00 0.000E+00


ENERGY AND MOMENTUM BALANCE

INITIAL ENERGY  1.306E+09, X-MOM  5.224E+07, Y-MOM  0.000E+00, Z-MOM -1.824E-07
EXTERNAL WORK   0.000E+00, X-IMP  0.000E+00, Y-IMP  0.000E+00, Z-IMP  0.000E+00
CONTACT ENERGY  0.000E+00
CURRENT ENERGY  1.306E+09, X-MOM  5.224E+07, Y-MOM  0.000E+00, Z-MOM  0.000E+00
-------------------------------------------------------------------------------
ERROR           9.060E-06        -1.714E-07         0.000E+00         1.824E-07

CYCLE   59384, TIME=  1.000E+00                                                                                  ENERGY SUMMARY EDIT
 


ENERGY AND MOMENTUM PARTITIONING BY MATERIALS

                                                         INTERNAL   KINETIC
MATERIAL                                 MASS    VOLUME    ENERGY    ENERGY XMOMENTUM YMOMENTUM ZMOMENTUM

Aluminum Alloy                      1.045E+06 3.772E+05 0.000E+00 1.306E+09 5.224E+07 0.000E+00 0.000E+00
Structural Steel                    1.426E+06 1.816E+05 0.000E+00 0.000E+00 0.000E+00 0.000E+00 0.000E+00
---------------------------------------------------------------------------------------------------------
TOTALS                              2.471E+06 5.588E+05 0.000E+00 1.306E+09 5.224E+07 0.000E+00 0.000E+00


ENERGY AND MOMENTUM PARTITIONING BY PARTS

                                                         INTERNAL   KINETIC                               HOURGLASS   CONTACT
PART                                     MASS    VOLUME    ENERGY    ENERGY XMOMENTUM YMOMENTUM ZMOMENTUM    ENERGY    ENERGY

Part 1                              5.032E+05 1.816E+05 0.000E+00 6.289E+08 2.516E+07 0.000E+00 0.000E+00 0.000E+00 0.000E+00
Part 2                              1.426E+06 1.816E+05 0.000E+00 0.000E+00 0.000E+00 0.000E+00 0.000E+00 0.000E+00 0.000E+00
Part 3                              7.737E+04 2.793E+04 0.000E+00 9.671E+07 3.869E+06 0.000E+00 0.000E+00 0.000E+00 0.000E+00
Part 4                              7.737E+04 2.793E+04 0.000E+00 9.671E+07 3.869E+06 0.000E+00 0.000E+00 0.000E+00 0.000E+00
Part 5                              7.737E+04 2.793E+04 0.000E+00 9.671E+07 3.869E+06 0.000E+00 0.000E+00 0.000E+00 0.000E+00
Part 6                              7.737E+04 2.793E+04 0.000E+00 9.671E+07 3.869E+06 0.000E+00 0.000E+00 0.000E+00 0.000E+00
Part 7                              7.737E+04 2.793E+04 0.000E+00 9.671E+07 3.869E+06 0.000E+00 0.000E+00 0.000E+00 0.000E+00
Part 8                              7.737E+04 2.793E+04 0.000E+00 9.671E+07 3.869E+06 0.000E+00 0.000E+00 0.000E+00 0.000E+00
Part 9                              7.737E+04 2.793E+04 0.000E+00 9.671E+07 3.869E+06 0.000E+00 0.000E+00 0.000E+00 0.000E+00
-----------------------------------------------------------------------------------------------------------------------------
TOTALS                              2.471E+06 5.588E+05 0.000E+00 1.306E+09 5.224E+07 0.000E+00 0.000E+00 0.000E+00 0.000E+00


ENERGY AND MOMENTUM BALANCE

INITIAL ENERGY  1.306E+09, X-MOM  5.224E+07, Y-MOM  0.000E+00, Z-MOM -1.824E-07
EXTERNAL WORK   0.000E+00, X-IMP  0.000E+00, Y-IMP  0.000E+00, Z-IMP  0.000E+00
CONTACT ENERGY  0.000E+00
CURRENT ENERGY  1.306E+09, X-MOM  5.224E+07, Y-MOM  0.000E+00, Z-MOM  0.000E+00
-------------------------------------------------------------------------------
ERROR           9.060E-06        -1.714E-07         0.000E+00         1.824E-07
 
 
SIMULATION ELAPSED TIME SUMMARY
 
EXECUTION FROM CYCLE        0 TO    59384
ELAPSED RUN TIME IN SOLVER  =      9.28963E+02 Minutes
ELAPSED RUN TIME IN CONTACT =      4.55566E+02 Minutes
ELAPSED RUN TIME IN EDITS   =      1.52498E+00 Minutes
TOTAL ELAPSED RUN TIME      =      9.30488E+02 Minutes
 
AUTODYN RAN OVER     2 WORKERS
AUTODYN RAN USING DECOMPOSITION AUTO    

AUTODYN RAN ON THE FOLLOWING MACHINES;

-----------------------------------------------------------------------
|    MACHINE NAME                  |     MASTER     |    WORKER(S)    |
-----------------------------------------------------------------------
|    DESKTOP-HRPNB5U               |        1       |        2        |
-----------------------------------------------------------------------

