 ANSYS
      License feature : Explicit - Basic
      License type    : Academic Student



       AAAAAA   UU    UU  TTTTTTTT   OOOOOO   DDDDDDD   YY    YY  NN    NN  TM
      AA    AA  UU    UU     TT     OO    OO  DD    DD   YY  YY   NNN   NN
      AA    AA  UU    UU     TT     OO    OO  DD    DD    YYYY    NNNN  NN
      AAAAAAAA  UU    UU     TT     OO    OO  DD    DD     YY     NN NN NN
      AA    AA  UU    UU     TT     OO    OO  DD    DD     YY     NN  NNNN
      AA    AA  UU    UU     TT     OO    OO  DD    DD     YY     NN   NNN
      AA    AA   UUUUUU      TT      OOOOOO   DDDDDDD      YY     NN    NN




           Copyright (C) 2021, ANSYS, Inc.  All rights reserved.
           Unauthorized use, distribution or duplication is prohibited.




 




                                2022 R1
                                   
                 Point Releases and Patches installed:
                                   
                     Ansys, Inc. Products 2022 R1
                            Autodyn 2022 R1
                          SpaceClaim 2022 R1
                    CFX (includes CFD-Post) 2022 R1
                            Chemkin 2022 R1
                            EnSight 2022 R1
                          FENSAP-ICE 2022 R1
                  Fluent (includes CFD-Post) 2022 R1
                 Polyflow (includes CFD-Post) 2022 R1
                   Forte (includes EnSight) 2022 R1
                           TurboGrid 2022 R1
                             Aqwa 2022 R1
                      Mechanical Products 2022 R1
                    ACIS Geometry Interface 2022 R1
                  AutoCAD Geometry Interface 2022 R1
              Catia, Version 4 Geometry Interface 2022 R1
              Catia, Version 5 Geometry Interface 2022 R1
              Catia, Version 6 Geometry Interface 2022 R1
       Creo Elements/Direct Modeling Geometry Interface 2022 R1
              Creo Parametric Geometry Interface 2022 R1
                  Inventor Geometry Interface 2022 R1
                   JTOpen Geometry Interface 2022 R1
                     NX Geometry Interface 2022 R1
                 Parasolid Geometry Interface  2022 R1
                 Solid Edge Geometry Interface 2022 R1
                 SOLIDWORKS Geometry Interface 2022 R1
                       Academic Student 2022 R1




                            Solver :   EXPLICIT
                             Build :   AUTODYN-3D Academic V-2022 R1           
                Model File Version :   2022 R1
                        Build Date :   20211115
                 Current Date/Time :   20220209 13:58 (+0100GMT)
                          Platform :   64 bit
                              Beta :   FALSE
                   User Subroutine :   FALSE
               MPI Library Version :   Intel(R) MPI Library 2018 Update 3 for Windows* OS





                             IDENT :   admodel                                                                                                                                                                                                                                                         
                             Title :                                           
                       Description :                                                                                                                                                                                                                                                                   
                       Start Cycle :            0
                        Start Time :  0.00000E+00
                         Precision :   Double




   UNITS

                            Length :   millimeter
                              Mass :   milligram 
                              Time :   millisec. 




   SYMMETRY PLANES

             Symmetry plane at X=0 :   No        
                               Y=0 :   No        
                               Z=0 :   No        




   WRAPUP PARAMETERS

                       Cycle Limit :     10000000
                        Time Limit :  4.00000E+00
     Maximum Energy Error Fraction :  1.00000E-01
            Energy Reference Cycle :            0




   MULTIPLE LOADSTEP DEFINITION

     Step    Type             Step End Time   Static Damping   Convergence Tol.  Max. Iterations

        1    Standard         4.0000E+00      0.0000E+00




   LOADSTEP OUTPUT CONTROLS

     Step    Results       Value      Restarts       Value      Trackers      Value

        1    Global          -         Global          -         Global          -     




   LOADCASE DEFINITIONS

     Case  WB-ID        Type   Active  Loadsteps:                Used by:

        1    352    Standard   Step    DOF:  X  Y  Z RX RY RZ    Displacement                  
                                  1          v  v  v  v  v  v
        2    355    Standard   Step    DOF:  X  Y  Z RX RY RZ    Pressure                      
                                  1          v  v  v  v  v  v




   TIME STEP INFORMATION

                 Minimum Time Step :  2.57428E-07
                 Maximum Time Step :  1.00000E+08
                 Initial Time Step :  2.57428E-06
           Time Step Safety Factor :  9.00000E-01
                      Mass scaling :  OFF




   GRAVITATIONAL CONSTANTS

             Global X Gravity :  0.00000E+00
             Global Y Gravity :  0.00000E+00
             Global Z Gravity :  0.00000E+00




   GRAVITATIONAL AND ACCELERATION CONSTANTS - SUM AT START CYCLE

             Total  X Acceleration :  0.00000E+00
             Total  Y Acceleration :  0.00000E+00
             Total  Z Acceleration :  0.00000E+00





 
   DAMPING CONSTANTS

                 Hourglass Damping :  1.00000E-01
                    Static Damping : Per loadstep




   ARTIFICIAL VISCOSITY

               Quadratic Viscosity :  1.00000E+00
                  Linear Viscosity :  2.00000E-01
     Apply Lin.vis. in exp. for HE :  No
     Art. vis. in structured shells:  Yes




   GLOBAL OUTPUT CONTROLS

                    Save Results On  : Time
                    Increments :        5.00000E-02
                    Save Restarts On  : Time
                    Increments :        8.00000E-01
                    Save Trackers On : Cycles
                    Increments :        1.00000E+00




   CUTOFF VALUES

                   Velocity Cutoff :  1.00000E-06
                 Soundspeed Cutoff :  1.00000E-06
                     Radius Cutoff :  1.00000E-03
                  Maximum Velocity :  1.00000E+10
               Maximum Temperature :  1.01000E+20
                    Join Tolerance :  5.00000E-02




   METHOD OF CALCULATING CHARACTERISTIC ZONE DIMENSION

                     Method to Use :  Diagonals




   METHOD OF UPDATING LAG/ALE CELL DENSITIES AND COMPRESSIONS

                     Method to Use :  Automatic




   USER VARIABLES

     Fortran name  User name     Restart  Rezone

     VAR01         VAR.1         N        N
     VAR02         VAR.2         N        N
     VAR03         VAR.3         N        N
     VAR04         VAR.4         N        N
     VAR05         VAR.5         N        N
     VAR06         VAR.6         N        N
     VAR07         VAR.7         N        N
     VAR08         VAR.8         N        N
     VAR09         VAR.9         N        N
     VAR10         VAR.10        N        N
     VAR11         VAR.11        N        N
     VAR12         VAR.12        N        N
     VAR13         VAR.13        N        N
     VAR14         VAR.14        N        N
     VAR15         VAR.15        N        N
     VAR16         VAR.16        N        N
     VAR17         VAR.17        N        N
     VAR18         VAR.18        N        N
     VAR19         VAR.19        N        N
     VAR20         VAR.20        N        N





 
   GLOBAL MATERIAL SETTINGS

      Shell yield converg. accuracy:  High




   MATERIALS



                         MATERIAL NAME: Aluminum Alloy                


                     Equation of State             Linear                                                                          

          Reference density                      (g/cm3   ) 2.77000E+00
          Bulk Modulus                           (kPa     ) 6.96078E+07
          Reference Temperature                  (K       ) 2.95150E+02
          Specific Heat                          (J/kgK   ) 8.75000E+02
          Thermal Conductivity                   (J/mKs   ) 0.00000E+00


                     Strength                      Elastic                                                                         

          Shear Modulus                          (kPa     ) 2.66917E+07


                     Failure                       None                                                                            



                     Erosion                       None                                                                            



                     Material Cutoffs              

          Maximum Expansion                      (none    ) 1.00000E-01
          Minimum Density Factor                 (none    ) 1.00000E-04
          Minimum Density Factor (SPH)           (none    ) 2.00000E-01
          Maximum Density Factor (SPH)           (none    ) 3.00000E+00
          Minimum Soundspeed                     (m/s     ) 1.00000E-06
          Maximum Soundspeed (SPH)               (m/s     ) 1.01000E+20
          Maximum Temperature                    (K       ) 1.01000E+20


           Reference: 
                                                                                                                                                                                                                                                                


           Notes: 
                                                                                                                                                                                                                                                                


                         MATERIAL NAME: Concrete                      


                     Equation of State             Linear                                                                          

          Reference density                      (g/cm3   ) 2.39200E+00
          Bulk Modulus                           (kPa     ) 8.99796E+06
          Reference Temperature                  (K       ) 2.95150E+02
          Specific Heat                          (J/kgK   ) 9.36300E+02
          Thermal Conductivity                   (J/mKs   ) 0.00000E+00


                     Strength                      Elastic                                                                         

          Shear Modulus                          (kPa     ) 8.48081E+06


                     Failure                       None                                                                            



                     Erosion                       None                                                                            



                     Material Cutoffs              

          Maximum Expansion                      (none    ) 1.00000E-01
          Minimum Density Factor                 (none    ) 1.00000E-04
          Minimum Density Factor (SPH)           (none    ) 2.00000E-01
          Maximum Density Factor (SPH)           (none    ) 3.00000E+00
          Minimum Soundspeed                     (m/s     ) 1.00000E-06
          Maximum Soundspeed (SPH)               (m/s     ) 1.01000E+20
          Maximum Temperature                    (K       ) 1.01000E+20


           Reference: 
                                                                                                                                                                                                                                                                


           Notes: 
                                                                                                                                                                                                                                                                









 
   BOUNDARY CONDITIONS



                     Displacement : General Time Dependent Vel.                                      

                     Associated Loadcase ID :        1

              Time          X-Velocity     Y-Velocity      Z-Velocity      RX-Velocity     RY-Velocity     RZ-Velocity
           0.00000E+00    -1.01000E+20     0.00000E+00     0.00000E+00    -1.01000E+20    -1.01000E+20    -1.01000E+20
           1.00000E+00    -1.01000E+20     0.00000E+00     0.00000E+00    -1.01000E+20    -1.01000E+20    -1.01000E+20
           1.00000E+00    -1.01000E+20     0.00000E+00     0.00000E+00    -1.01000E+20    -1.01000E+20    -1.01000E+20
           4.00000E+00    -1.01000E+20     0.00000E+00     0.00000E+00    -1.01000E+20    -1.01000E+20    -1.01000E+20






                     Fixed Support : General 3D Velocity                                             

                  Constant X velocity  :  0.00000E+00
                  Constant Y velocity  :  0.00000E+00
                  Constant Z velocity  :  0.00000E+00
           Constant ang. vel. about X  :  0.00000E+00
           Constant ang. vel. about Y  :  0.00000E+00
           Constant ang. vel. about Z  :  0.00000E+00






                     Pressure : User defined TD Pressure                                             

                     Associated Loadcase ID :        2

          Pressure       1             :  1.20000E+01
          Pressure       2             :  1.20000E+01
          Time       1                 :  0.00000E+00
          Time       2                 :  4.00000E+00









 
     UNSTRUCTURED PARTS

           PART                  NO. ELEMENTS         ELEMENT TYPE   ARTIFICIAL VISC.   HOURGLASS CONTROL     VISCOUS COEFF.   

       1   Part 1                         506            Hex 8            Yes           AD STANDARD            1.00000E-01
       2   Part 2                         506            Hex 8            Yes           AD STANDARD            1.00000E-01
       3   Part 3                        4500            Hex 8            Yes           AD STANDARD            1.00000E-01
       3   Part 3                          98            Penta 6          Yes           AD STANDARD            1.00000E-01
       4   Part 4                        4498            Hex 8            Yes           AD STANDARD            1.00000E-01
       4   Part 4                         102            Penta 6          Yes           AD STANDARD            1.00000E-01
       5   Part 5                        4495            Hex 8            Yes           AD STANDARD            1.00000E-01
       5   Part 5                         108            Penta 6          Yes           AD STANDARD            1.00000E-01
       6   Part 6                        4483            Hex 8            Yes           AD STANDARD            1.00000E-01
       6   Part 6                         132            Penta 6          Yes           AD STANDARD            1.00000E-01
       7   Part 7                        4476            Hex 8            Yes           AD STANDARD            1.00000E-01
       7   Part 7                         146            Penta 6          Yes           AD STANDARD            1.00000E-01
       8   Part 8                        4473            Hex 8            Yes           AD STANDARD            1.00000E-01
       8   Part 8                         152            Penta 6          Yes           AD STANDARD            1.00000E-01
       9   Part 9                        4467            Hex 8            Yes           AD STANDARD            1.00000E-01
       9   Part 9                         164            Penta 6          Yes           AD STANDARD            1.00000E-01

           TOTAL NUMBER ELEMENTS:       33306
           TOTAL NUMBER NODES:          99704




     BODY CONTROL SPECIFICATION

            

            

       SOLID PART(S)

           PART                  TET INTEGRATION TYPE         HEX INTEGRATION TYPE         HOURGLASS DAMPING        VISCOUS COEFF.    STIFFNESS COEFF.      PUSO STAB.   

       1  Part 1                 N/A                                EXACT                  AD STANDARD               1.00000E-01         0.00000E+00        0.00000E+00
       2  Part 2                 N/A                                EXACT                  AD STANDARD               1.00000E-01         0.00000E+00        0.00000E+00
       3  Part 3                 N/A                                EXACT                  AD STANDARD               1.00000E-01         0.00000E+00        0.00000E+00
       4  Part 4                 N/A                                EXACT                  AD STANDARD               1.00000E-01         0.00000E+00        0.00000E+00
       5  Part 5                 N/A                                EXACT                  AD STANDARD               1.00000E-01         0.00000E+00        0.00000E+00
       6  Part 6                 N/A                                EXACT                  AD STANDARD               1.00000E-01         0.00000E+00        0.00000E+00
       7  Part 7                 N/A                                EXACT                  AD STANDARD               1.00000E-01         0.00000E+00        0.00000E+00
       8  Part 8                 N/A                                EXACT                  AD STANDARD               1.00000E-01         0.00000E+00        0.00000E+00
       9  Part 9                 N/A                                EXACT                  AD STANDARD               1.00000E-01         0.00000E+00        0.00000E+00
            

   PART ACTIVATION / DEACTIVATION TIMES

           PART           ACTIVATION   DEACTIVATION
                             TIME          TIME





 
   EDITS

       EDIT FREQUENCY
       EDIT TYPE   HOW DONE          START           END     INCREMENT

       SAVE        by times    0.00000E+00   4.00000E+00   8.00000E-01
       GRIDVAR     Never     
       ENERGYSUM   by times    0.00000E+00   4.00000E+00   8.00000E-01
       CYCSUM      Never     
       HISTORY     by cycles             0      10000000             1
       USER        Never     
       FIELD       Never     

 
   INTERACTIONS

          Using trajectory contact:  Yes
                            Method:  Penalty
                   Sliding Surface:  Discrete
                     Penalty Force:  Harmonic Mass
           Group Contact Treatment:  Lumped
            Shell thickness factor:  0.00000E+00
            Full SPH radius (beta):  No        
                  Search Algorithm:  Cube            
              Retention of Inertia:  Yes       
                  Self-interaction:  Yes       
             Self-interaction Tol.:  2.00000E-01

     Part Name       I-range             J-range             K-range
     Part 1                              Active
     Part 2                              Active
     Part 3                              Active
     Part 4                              Active
     Part 5                              Active
     Part 6                              Active
     Part 7                              Active
     Part 8                              Active
     Part 9                              Active

     No coefficients of friction have been specified













 
   BONDED CONTACT SUMMARY

     Bonded Contact Penalty Factor (Default):      1.00000E-01
                                                                                                                                             Number of Bonded Nodes
                                            Bond Name                 Max Offset    Breakable     Behaviour        Penalty      Tolerance   Candidates       Actual    Bonded    Internal Bond Name
     Contact Region                                                  1.00000E-04           No     Symmetric  Harmonic Mass   Min Distance          628           76    12.10%  BONDED -    1       
     Contact Region 2                                                1.00000E-04           No     Symmetric  Harmonic Mass   Min Distance          628           76    12.10%  BONDED -    2       
     Contact Region 3                                                1.00000E-04           No     Symmetric  Harmonic Mass   Min Distance          628           81    12.90%  BONDED -    3       
     Contact Region 4                                                1.00000E-04           No     Symmetric  Harmonic Mass   Min Distance          628           81    12.90%  BONDED -    4       
     Contact Region 5                                                1.00000E-04           No     Symmetric  Harmonic Mass   Min Distance          628           76    12.10%  BONDED -    5       
     Contact Region 6                                                1.00000E-04           No     Symmetric  Harmonic Mass   Min Distance          628           81    12.90%  BONDED -    6       
     Contact Region 7                                                1.00000E-04           No     Symmetric  Harmonic Mass   Min Distance          628           81    12.90%  BONDED -    7       


                                            Scope Definition:   
     Contact Region                                             
       Internal name: BONDED -    1       
       Group(s):     
                              BONDED- 2                                  506 Faces
                              BONDED- 1                                   19 Faces
     Contact Region 2                                           
       Internal name: BONDED -    2       
       Group(s):     
                              BONDED- 4                                  506 Faces
                              BONDED- 3                                   19 Faces
     Contact Region 3                                           
       Internal name: BONDED -    3       
       Group(s):     
                              BONDED- 6                                  506 Faces
                              BONDED- 5                                   19 Faces
     Contact Region 4                                           
       Internal name: BONDED -    4       
       Group(s):     
                              BONDED- 8                                  506 Faces
                              BONDED- 7                                   19 Faces
     Contact Region 5                                           
       Internal name: BONDED -    5       
       Group(s):     
                              BONDED-10                                  506 Faces
                              BONDED- 9                                   19 Faces
     Contact Region 6                                           
       Internal name: BONDED -    6       
       Group(s):     
                              BONDED-12                                  506 Faces
                              BONDED-11                                   19 Faces
     Contact Region 7                                           
       Internal name: BONDED -    7       
       Group(s):     
                              BONDED-14                                  506 Faces
                              BONDED-13                                   19 Faces





CYCLE       0, TIME=  0.000E+00                                                                                  ENERGY SUMMARY EDIT
 


ENERGY AND MOMENTUM PARTITIONING BY MATERIALS

                                                         INTERNAL   KINETIC
MATERIAL                                 MASS    VOLUME    ENERGY    ENERGY XMOMENTUM YMOMENTUM ZMOMENTUM

Aluminum Alloy                      1.045E+06 3.772E+05 0.000E+00 2.560E+07 7.313E+06 0.000E+00 0.000E+00
Concrete                            4.345E+05 1.816E+05 0.000E+00 0.000E+00 0.000E+00 0.000E+00 0.000E+00
---------------------------------------------------------------------------------------------------------
TOTALS                              1.479E+06 5.588E+05 0.000E+00 2.560E+07 7.313E+06 0.000E+00 0.000E+00


ENERGY AND MOMENTUM PARTITIONING BY PARTS

                                                         INTERNAL   KINETIC                               HOURGLASS   CONTACT
PART                                     MASS    VOLUME    ENERGY    ENERGY XMOMENTUM YMOMENTUM ZMOMENTUM    ENERGY    ENERGY

Part 1                              5.032E+05 1.816E+05 0.000E+00 1.233E+07 3.522E+06 0.000E+00 0.000E+00 0.000E+00 0.000E+00
Part 2                              4.345E+05 1.816E+05 0.000E+00 0.000E+00 0.000E+00 0.000E+00 0.000E+00 0.000E+00 0.000E+00
Part 3                              7.737E+04 2.793E+04 0.000E+00 1.896E+06 5.416E+05 0.000E+00 0.000E+00 0.000E+00 0.000E+00
Part 4                              7.737E+04 2.793E+04 0.000E+00 1.896E+06 5.416E+05 0.000E+00 0.000E+00 0.000E+00 0.000E+00
Part 5                              7.737E+04 2.793E+04 0.000E+00 1.896E+06 5.416E+05 0.000E+00 0.000E+00 0.000E+00 0.000E+00
Part 6                              7.737E+04 2.793E+04 0.000E+00 1.896E+06 5.416E+05 0.000E+00 0.000E+00 0.000E+00 0.000E+00
Part 7                              7.737E+04 2.793E+04 0.000E+00 1.896E+06 5.416E+05 0.000E+00 0.000E+00 0.000E+00 0.000E+00
Part 8                              7.737E+04 2.793E+04 0.000E+00 1.896E+06 5.416E+05 0.000E+00 0.000E+00 0.000E+00 0.000E+00
Part 9                              7.737E+04 2.793E+04 0.000E+00 1.896E+06 5.416E+05 0.000E+00 0.000E+00 0.000E+00 0.000E+00
-----------------------------------------------------------------------------------------------------------------------------
TOTALS                              1.479E+06 5.588E+05 0.000E+00 2.560E+07 7.313E+06 0.000E+00 0.000E+00 0.000E+00 0.000E+00


ENERGY AND MOMENTUM BALANCE

INITIAL ENERGY  2.560E+07, X-MOM  7.313E+06, Y-MOM  0.000E+00, Z-MOM  0.000E+00
EXTERNAL WORK   0.000E+00, X-IMP  0.000E+00, Y-IMP  0.000E+00, Z-IMP  0.000E+00
CONTACT ENERGY  0.000E+00
CURRENT ENERGY  2.560E+07, X-MOM  7.313E+06, Y-MOM  0.000E+00, Z-MOM  0.000E+00
-------------------------------------------------------------------------------
ERROR           0.000E+00         0.000E+00         0.000E+00         0.000E+00

CYCLE   47510, TIME=  8.000E-01                                                                                  ENERGY SUMMARY EDIT
 


ENERGY AND MOMENTUM PARTITIONING BY MATERIALS

                                                         INTERNAL   KINETIC
MATERIAL                                 MASS    VOLUME    ENERGY    ENERGY XMOMENTUM YMOMENTUM ZMOMENTUM

Aluminum Alloy                      1.045E+06 3.772E+05 2.100E+02 2.810E+07 7.662E+06 6.386E-02 6.296E+02
Concrete                            4.345E+05 1.816E+05 0.000E+00 0.000E+00 0.000E+00 0.000E+00 0.000E+00
---------------------------------------------------------------------------------------------------------
TOTALS                              1.479E+06 5.588E+05 2.100E+02 2.810E+07 7.662E+06 6.386E-02 6.296E+02


ENERGY AND MOMENTUM PARTITIONING BY PARTS

                                                         INTERNAL   KINETIC                               HOURGLASS   CONTACT
PART                                     MASS    VOLUME    ENERGY    ENERGY XMOMENTUM YMOMENTUM ZMOMENTUM    ENERGY    ENERGY

Part 1                              5.032E+05 1.816E+05 6.330E+00 1.353E+07 3.690E+06 0.000E+00 0.000E+00 1.075E-01 0.000E+00
Part 2                              4.345E+05 1.816E+05 0.000E+00 0.000E+00 0.000E+00 0.000E+00 0.000E+00 0.000E+00 0.000E+00
Part 3                              7.737E+04 2.793E+04 3.578E+01 2.081E+06 5.674E+05 2.558E-02 1.749E+02 2.691E+01 0.000E+00
Part 4                              7.737E+04 2.793E+04 3.068E+01 2.081E+06 5.675E+05 1.542E-01 1.527E+02 2.132E+01 0.000E+00
Part 5                              7.737E+04 2.793E+04 3.086E+01 2.081E+06 5.675E+05 1.061E-01 1.501E+02 2.156E+01 0.000E+00
Part 6                              7.737E+04 2.793E+04 2.724E+01 2.081E+06 5.675E+05 6.788E-02 5.551E+01 1.777E+01 0.000E+00
Part 7                              7.737E+04 2.793E+04 2.517E+01 2.081E+06 5.675E+05-1.182E-01 2.565E+01 1.523E+01 0.000E+00
Part 8                              7.737E+04 2.793E+04 2.816E+01 2.081E+06 5.675E+05-1.060E-01 3.940E+01 1.830E+01 0.000E+00
Part 9                              7.737E+04 2.793E+04 2.579E+01 2.081E+06 5.675E+05-6.572E-02 3.129E+01 1.584E+01 0.000E+00
-----------------------------------------------------------------------------------------------------------------------------
TOTALS                              1.479E+06 5.588E+05 2.100E+02 2.810E+07 7.662E+06 6.386E-02 6.296E+02 1.370E+02 0.000E+00


ENERGY AND MOMENTUM BALANCE

INITIAL ENERGY  2.560E+07, X-MOM  7.313E+06, Y-MOM  0.000E+00, Z-MOM  0.000E+00
EXTERNAL WORK   2.500E+06, X-IMP  3.488E+05, Y-IMP  6.386E-02, Z-IMP  6.296E+02
CONTACT ENERGY  0.000E+00
CURRENT ENERGY  2.810E+07, X-MOM  7.662E+06, Y-MOM  6.386E-02, Z-MOM  6.296E+02
-------------------------------------------------------------------------------
ERROR           4.935E+00         5.892E-01        -7.085E-08        -1.715E-05

CYCLE   95009, TIME=  1.600E+00                                                                                  ENERGY SUMMARY EDIT
 


ENERGY AND MOMENTUM PARTITIONING BY MATERIALS

                                                         INTERNAL   KINETIC
MATERIAL                                 MASS    VOLUME    ENERGY    ENERGY XMOMENTUM YMOMENTUM ZMOMENTUM

Aluminum Alloy                      1.045E+06 3.772E+05 2.777E+02 3.071E+07 8.011E+06-1.380E+00-6.971E-01
Concrete                            4.345E+05 1.816E+05 0.000E+00 0.000E+00 0.000E+00 0.000E+00 0.000E+00
---------------------------------------------------------------------------------------------------------
TOTALS                              1.479E+06 5.588E+05 2.777E+02 3.071E+07 8.011E+06-1.380E+00-6.971E-01


ENERGY AND MOMENTUM PARTITIONING BY PARTS

                                                         INTERNAL   KINETIC                               HOURGLASS   CONTACT
PART                                     MASS    VOLUME    ENERGY    ENERGY XMOMENTUM YMOMENTUM ZMOMENTUM    ENERGY    ENERGY

Part 1                              5.032E+05 1.816E+05 7.486E+00 1.479E+07 3.858E+06 0.000E+00 0.000E+00 1.830E-01 0.000E+00
Part 2                              4.345E+05 1.816E+05 0.000E+00 0.000E+00 0.000E+00 0.000E+00 0.000E+00 0.000E+00 0.000E+00
Part 3                              7.737E+04 2.793E+04 5.456E+01 2.274E+06 5.932E+05-2.283E-01 1.127E+02 4.318E+01 0.000E+00
Part 4                              7.737E+04 2.793E+04 4.311E+01 2.274E+06 5.932E+05-3.338E-01 1.127E+02 3.132E+01 0.000E+00
Part 5                              7.737E+04 2.793E+04 4.332E+01 2.274E+06 5.933E+05-4.526E-01 1.066E+02 3.159E+01 0.000E+00
Part 6                              7.737E+04 2.793E+04 3.397E+01 2.274E+06 5.933E+05-5.113E-01 2.710E+01 2.279E+01 0.000E+00
Part 7                              7.737E+04 2.793E+04 2.969E+01 2.274E+06 5.932E+05-9.626E-03-1.232E+02 1.773E+01 0.000E+00
Part 8                              7.737E+04 2.793E+04 3.492E+01 2.275E+06 5.933E+05 4.467E-02-1.159E+02 2.261E+01 0.000E+00
Part 9                              7.737E+04 2.793E+04 3.064E+01 2.275E+06 5.933E+05 1.110E-01-1.207E+02 1.860E+01 0.000E+00
-----------------------------------------------------------------------------------------------------------------------------
TOTALS                              1.479E+06 5.588E+05 2.777E+02 3.071E+07 8.011E+06-1.380E+00-6.971E-01 1.880E+02 0.000E+00


ENERGY AND MOMENTUM BALANCE

INITIAL ENERGY  2.560E+07, X-MOM  7.313E+06, Y-MOM  0.000E+00, Z-MOM  0.000E+00
EXTERNAL WORK   5.116E+06, X-IMP  6.975E+05, Y-IMP -1.380E+00, Z-IMP -6.970E-01
CONTACT ENERGY  0.000E+00
CURRENT ENERGY  3.071E+07, X-MOM  8.011E+06, Y-MOM -1.380E+00, Z-MOM -6.971E-01
-------------------------------------------------------------------------------
ERROR          -3.048E+01         5.892E-01         2.202E-07        -1.736E-05

CYCLE  142621, TIME=  2.400E+00                                                                                  ENERGY SUMMARY EDIT
 


ENERGY AND MOMENTUM PARTITIONING BY MATERIALS

                                                         INTERNAL   KINETIC
MATERIAL                                 MASS    VOLUME    ENERGY    ENERGY XMOMENTUM YMOMENTUM ZMOMENTUM

Aluminum Alloy                      1.045E+06 3.772E+05 1.834E+07 1.222E+07-5.013E+06 1.266E+01-1.081E+04
Concrete                            4.345E+05 1.816E+05 0.000E+00 0.000E+00 0.000E+00 0.000E+00 0.000E+00
---------------------------------------------------------------------------------------------------------
TOTALS                              1.479E+06 5.588E+05 1.834E+07 1.222E+07-5.013E+06 1.266E+01-1.081E+04


ENERGY AND MOMENTUM PARTITIONING BY PARTS

                                                         INTERNAL   KINETIC                               HOURGLASS   CONTACT
PART                                     MASS    VOLUME    ENERGY    ENERGY XMOMENTUM YMOMENTUM ZMOMENTUM    ENERGY    ENERGY

Part 1                              5.032E+05 1.816E+05 2.171E+04 6.739E+06-2.604E+06 0.000E+00 0.000E+00 6.160E+03 0.000E+00
Part 2                              4.345E+05 1.816E+05 0.000E+00 0.000E+00 0.000E+00 0.000E+00 0.000E+00 0.000E+00 1.030E+05
Part 3                              7.737E+04 2.793E+04 2.447E+06 8.615E+05-3.632E+05 1.057E+00-1.882E+04 2.427E+06-2.369E+03
Part 4                              7.737E+04 2.793E+04 2.476E+06 8.466E+05-3.597E+05 1.782E+01-1.696E+04 2.448E+06-2.427E+03
Part 5                              7.737E+04 2.793E+04 2.557E+06 8.204E+05-3.537E+05 5.174E+01-1.705E+04 2.527E+06-2.420E+03
Part 6                              7.737E+04 2.793E+04 2.563E+06 8.263E+05-3.545E+05 8.286E+01-2.092E+04 2.522E+06-2.461E+03
Part 7                              7.737E+04 2.793E+04 2.615E+06 7.421E+05-3.351E+05-1.573E+01 1.876E+04 2.542E+06-2.232E+03
Part 8                              7.737E+04 2.793E+04 2.850E+06 6.992E+05-3.235E+05-2.135E+01 2.613E+04 2.783E+06-2.328E+03
Part 9                              7.737E+04 2.793E+04 2.812E+06 6.816E+05-3.194E+05-1.037E+02 1.805E+04 2.746E+06-2.303E+03
-----------------------------------------------------------------------------------------------------------------------------
TOTALS                              1.479E+06 5.588E+05 1.834E+07 1.222E+07-5.013E+06 1.266E+01-1.081E+04 1.800E+07 8.643E+04


ENERGY AND MOMENTUM BALANCE

INITIAL ENERGY  2.560E+07, X-MOM  7.313E+06, Y-MOM  0.000E+00, Z-MOM  0.000E+00
EXTERNAL WORK   4.564E+06, X-IMP -1.233E+07, Y-IMP  1.266E+01, Z-IMP -1.081E+04
CONTACT ENERGY  8.643E+04
CURRENT ENERGY  3.056E+07, X-MOM -5.013E+06, Y-MOM  1.266E+01, Z-MOM -1.081E+04
-------------------------------------------------------------------------------
ERROR           3.113E+05         5.896E-01         1.798E-07        -1.740E-05

CYCLE  190192, TIME=  3.200E+00                                                                                  ENERGY SUMMARY EDIT
 


ENERGY AND MOMENTUM PARTITIONING BY MATERIALS

                                                         INTERNAL   KINETIC
MATERIAL                                 MASS    VOLUME    ENERGY    ENERGY XMOMENTUM YMOMENTUM ZMOMENTUM

Aluminum Alloy                      1.045E+06 3.772E+05 1.853E+07 1.042E+07-4.664E+06 2.591E+01-5.053E+03
Concrete                            4.345E+05 1.816E+05 0.000E+00 0.000E+00 0.000E+00 0.000E+00 0.000E+00
---------------------------------------------------------------------------------------------------------
TOTALS                              1.479E+06 5.588E+05 1.853E+07 1.042E+07-4.664E+06 2.591E+01-5.053E+03


ENERGY AND MOMENTUM PARTITIONING BY PARTS

                                                         INTERNAL   KINETIC                               HOURGLASS   CONTACT
PART                                     MASS    VOLUME    ENERGY    ENERGY XMOMENTUM YMOMENTUM ZMOMENTUM    ENERGY    ENERGY

Part 1                              5.032E+05 1.816E+05 7.982E+03 5.221E+06-2.292E+06 0.000E+00 0.000E+00 6.391E+03 0.000E+00
Part 2                              4.345E+05 1.816E+05 0.000E+00 0.000E+00 0.000E+00 0.000E+00 0.000E+00 0.000E+00 1.030E+05
Part 3                              7.737E+04 2.793E+04 2.478E+06 7.589E+05-3.426E+05-6.125E-01 2.410E+02 2.472E+06-2.369E+03
Part 4                              7.737E+04 2.793E+04 2.505E+06 7.607E+05-3.431E+05 9.394E+00-3.516E+02 2.498E+06-2.427E+03
Part 5                              7.737E+04 2.793E+04 2.587E+06 7.573E+05-3.423E+05 2.670E+01-6.426E+02 2.580E+06-2.420E+03
Part 6                              7.737E+04 2.793E+04 2.599E+06 7.597E+05-3.428E+05 4.122E+01-2.290E+03 2.592E+06-2.461E+03
Part 7                              7.737E+04 2.793E+04 2.637E+06 7.421E+05-3.388E+05-6.183E+00-1.536E+03 2.629E+06-2.232E+03
Part 8                              7.737E+04 2.793E+04 2.881E+06 7.171E+05-3.329E+05 1.061E+01 9.126E+02 2.872E+06-2.328E+03
Part 9                              7.737E+04 2.793E+04 2.838E+06 7.031E+05-3.296E+05-5.521E+01-1.386E+03 2.829E+06-2.303E+03
-----------------------------------------------------------------------------------------------------------------------------
TOTALS                              1.479E+06 5.588E+05 1.853E+07 1.042E+07-4.664E+06 2.591E+01-5.053E+03 1.848E+07 8.643E+04


ENERGY AND MOMENTUM BALANCE

INITIAL ENERGY  2.560E+07, X-MOM  7.313E+06, Y-MOM  0.000E+00, Z-MOM  0.000E+00
EXTERNAL WORK   2.952E+06, X-IMP -1.198E+07, Y-IMP  2.591E+01, Z-IMP -5.053E+03
CONTACT ENERGY  8.643E+04
CURRENT ENERGY  2.895E+07, X-MOM -4.664E+06, Y-MOM  2.591E+01, Z-MOM -5.053E+03
-------------------------------------------------------------------------------
ERROR           3.183E+05         5.896E-01         1.893E-07        -1.739E-05
