  AUTODYN log file for worker process #           2
 Degenerate element ERODED at cycle       17400          23901
 Element ERODED at cycle       17400          23901
 Degenerate element ERODED at cycle       17469          14665
 Element ERODED at cycle       17469          14665
 Degenerate element ERODED at cycle       17484          28529
 Element ERODED at cycle       17484          28529
 Degenerate element ERODED at cycle       17563          10075
 Element ERODED at cycle       17563          10075
 Degenerate element ERODED at cycle       17591          19298
 Element ERODED at cycle       17591          19298
 Degenerate element ERODED at cycle       17600          33141
 Element ERODED at cycle       17600          33141
 Degenerate element ERODED at cycle       17881          19296
 Element ERODED at cycle       17881          19296
 Degenerate element ERODED at cycle       18012          10138
 Element ERODED at cycle       18012          10138
 Degenerate element ERODED at cycle       18029          33140
 Element ERODED at cycle       18029          33140
 Degenerate element ERODED at cycle       18057          33204
 Element ERODED at cycle       18057          33204
 Degenerate element ERODED at cycle       18125          19295
 Element ERODED at cycle       18125          19295
 Degenerate element ERODED at cycle       18162          19361
 Element ERODED at cycle       18162          19361
 Degenerate element ERODED at cycle       18178          10073
 Element ERODED at cycle       18178          10073
 Degenerate element ERODED at cycle       18216          14728
 Element ERODED at cycle       18216          14728
 Degenerate element ERODED at cycle       18275          10072
 Element ERODED at cycle       18275          10072
 Degenerate element ERODED at cycle       18368          28495
 Element ERODED at cycle       18368          28495
 Degenerate element ERODED at cycle       18369          33137
 Element ERODED at cycle       18369          33137
 Degenerate element ERODED at cycle       18530          19360
 Element ERODED at cycle       18530          19360
 Degenerate element ERODED at cycle       18568           5388
 Element ERODED at cycle       18568           5388
 Degenerate element ERODED at cycle       18682          10013
 Element ERODED at cycle       18682          10013
 Degenerate element ERODED at cycle       18735          14627
 Element ERODED at cycle       18735          14627
 Degenerate element ERODED at cycle       18749          28420
 Element ERODED at cycle       18749          28420
 Degenerate element ERODED at cycle       18778          33103
 Element ERODED at cycle       18778          33103
 Degenerate element ERODED at cycle       18786          33080
 Element ERODED at cycle       18786          33080
 Degenerate element ERODED at cycle       18826          10037
 Element ERODED at cycle       18826          10037
 Degenerate element ERODED at cycle       18840          14662
 Element ERODED at cycle       18840          14662
 Degenerate element ERODED at cycle       18924           5448
 Element ERODED at cycle       18924           5448
 Degenerate element ERODED at cycle       18948          28531
 Element ERODED at cycle       18948          28531
 Degenerate element ERODED at cycle       18963           5319
 Element ERODED at cycle       18963           5319
 Degenerate element ERODED at cycle       18976           5375
 Element ERODED at cycle       18976           5375
 Degenerate element ERODED at cycle       18986          23769
 Element ERODED at cycle       18986          23769
 Degenerate element ERODED at cycle       19009           5323
 Element ERODED at cycle       19009           5323
 Degenerate element ERODED at cycle       19029          23772
 Element ERODED at cycle       19029          23772
 Degenerate element ERODED at cycle       19050          10137
 Element ERODED at cycle       19050          10137
 Degenerate element ERODED at cycle       19091          33196
 Element ERODED at cycle       19091          33196
 Degenerate element ERODED at cycle       19130          28417
 Element ERODED at cycle       19130          28417
 Degenerate element ERODED at cycle       19158          23903
 Element ERODED at cycle       19158          23903
 Degenerate element ERODED at cycle       19161          10010
 Element ERODED at cycle       19161          10010
 Degenerate element ERODED at cycle       19222          10130
 Element ERODED at cycle       19222          10130
 Degenerate element ERODED at cycle       19352           9750
 Element ERODED at cycle       19352           9750
 Degenerate element ERODED at cycle       19390          10011
 Element ERODED at cycle       19390          10011
 Degenerate element ERODED at cycle       19458           5371
 Element ERODED at cycle       19458           5371
 Degenerate element ERODED at cycle       19478          10033
 Element ERODED at cycle       19478          10033
 Degenerate element ERODED at cycle       19597          10070
 Element ERODED at cycle       19597          10070
 Degenerate element ERODED at cycle       19674          33077
 Element ERODED at cycle       19674          33077
 Degenerate element ERODED at cycle       19742          32820
 Element ERODED at cycle       19742          32820
 Degenerate element ERODED at cycle       19922          19293
 Element ERODED at cycle       19922          19293
 Degenerate element ERODED at cycle       19944          16697
 Element ERODED at cycle       19944          16697
 Degenerate element ERODED at cycle       19960          33136
 Element ERODED at cycle       19960          33136
 Degenerate element ERODED at cycle       19963          33203
 Element ERODED at cycle       19963          33203
 Degenerate element ERODED at cycle       20098          19202
 Element ERODED at cycle       20098          19202
 Degenerate element ERODED at cycle       20099          33139
 Element ERODED at cycle       20099          33139
 Degenerate element ERODED at cycle       20102          19236
 Element ERODED at cycle       20102          19236
 Degenerate element ERODED at cycle       20108          19232
 Element ERODED at cycle       20108          19232
 Degenerate element ERODED at cycle       20141          18923
 Element ERODED at cycle       20141          18923
 Degenerate element ERODED at cycle       20175          32953
 Element ERODED at cycle       20175          32953
 Degenerate element ERODED at cycle       20182          19240
 Element ERODED at cycle       20182          19240
 Degenerate element ERODED at cycle       20242          33078
 Element ERODED at cycle       20242          33078
 Degenerate element ERODED at cycle       20338          14632
 Element ERODED at cycle       20338          14632
 Degenerate element ERODED at cycle       20355          19205
 Element ERODED at cycle       20355          19205
 Degenerate element ERODED at cycle       20363          14671
 Element ERODED at cycle       20363          14671
 Degenerate element ERODED at cycle       20531           7454
 Element ERODED at cycle       20531           7454
 Degenerate element ERODED at cycle       20535          27949
 Element ERODED at cycle       20535          27949
 Degenerate element ERODED at cycle       20573          28203
 Element ERODED at cycle       20573          28203
 Degenerate element ERODED at cycle       20634          23087
 Element ERODED at cycle       20634          23087
 Degenerate element ERODED at cycle       20679          19106
 Element ERODED at cycle       20679          19106
 Degenerate element ERODED at cycle       20762          33195
 Element ERODED at cycle       20762          33195
 Degenerate element ERODED at cycle       20774          23567
 Element ERODED at cycle       20774          23567
 Degenerate element ERODED at cycle       20822          10122
 Element ERODED at cycle       20822          10122
 Degenerate element ERODED at cycle       20825          23854
 Element ERODED at cycle       20825          23854
 Degenerate element ERODED at cycle       20830          10017
 Element ERODED at cycle       20830          10017
 Degenerate element ERODED at cycle       20847          19349
 Element ERODED at cycle       20847          19349
 Degenerate element ERODED at cycle       20920          19229
 Element ERODED at cycle       20920          19229
 Degenerate element ERODED at cycle       20925           5055
 Element ERODED at cycle       20925           5055
 Degenerate element ERODED at cycle       20935          28398
 Element ERODED at cycle       20935          28398
 Degenerate element ERODED at cycle       20939          28396
 Element ERODED at cycle       20939          28396
 Degenerate element ERODED at cycle       20958           5411
 Element ERODED at cycle       20958           5411
 Degenerate element ERODED at cycle       21009           5370
 Element ERODED at cycle       21009           5370
 Degenerate element ERODED at cycle       21081          23316
 Element ERODED at cycle       21081          23316
 Degenerate element ERODED at cycle       21116          14657
 Element ERODED at cycle       21116          14657
 Degenerate element ERODED at cycle       21178          14462
 Element ERODED at cycle       21178          14462
 Degenerate element ERODED at cycle       21189          23516
 Element ERODED at cycle       21189          23516
 Degenerate element ERODED at cycle       21197           5393
 Element ERODED at cycle       21197           5393
 Degenerate element ERODED at cycle       21230          11901
 Element ERODED at cycle       21230          11901
 Degenerate element ERODED at cycle       21230          14634
 Element ERODED at cycle       21230          14634
 Degenerate element ERODED at cycle       21252          10143
 Element ERODED at cycle       21252          10143
 Degenerate element ERODED at cycle       21276           4609
 Element ERODED at cycle       21276           4609
 Degenerate element ERODED at cycle       21281          10005
 Element ERODED at cycle       21281          10005
 Degenerate element ERODED at cycle       21298          23030
 Element ERODED at cycle       21298          23030
 Degenerate element ERODED at cycle       21313           4665
 Element ERODED at cycle       21313           4665
 Degenerate element ERODED at cycle       21347          14620
 Element ERODED at cycle       21347          14620
 Degenerate element ERODED at cycle       21356           5238
 Element ERODED at cycle       21356           5238
 Degenerate element ERODED at cycle       21391          14567
 Element ERODED at cycle       21391          14567
 Degenerate element ERODED at cycle       21392          19351
 Element ERODED at cycle       21392          19351
 Degenerate element ERODED at cycle       21419          30466
 Element ERODED at cycle       21419          30466
 Degenerate element ERODED at cycle       21459          10129
 Element ERODED at cycle       21459          10129
 Degenerate element ERODED at cycle       21474          10112
 Element ERODED at cycle       21474          10112
 Degenerate element ERODED at cycle       21519           9883
 Element ERODED at cycle       21519           9883
 Degenerate element ERODED at cycle       21574          28485
 Element ERODED at cycle       21574          28485
 Degenerate element ERODED at cycle       21606           5060
 Element ERODED at cycle       21606           5060
 Degenerate element ERODED at cycle       21616          23844
 Element ERODED at cycle       21616          23844
 Degenerate element ERODED at cycle       21624          27729
 Element ERODED at cycle       21624          27729
 Degenerate element ERODED at cycle       21632          22887
 Element ERODED at cycle       21632          22887
 Degenerate element ERODED at cycle       21732          23768
 Element ERODED at cycle       21732          23768
 Degenerate element ERODED at cycle       21806          28476
 Element ERODED at cycle       21806          28476
 Degenerate element ERODED at cycle       21814          25656
 Element ERODED at cycle       21814          25656
 Degenerate element ERODED at cycle       21825           5351
 Element ERODED at cycle       21825           5351
 Degenerate element ERODED at cycle       21844          23257
 Element ERODED at cycle       21844          23257
 Degenerate element ERODED at cycle       21862          28532
 Element ERODED at cycle       21862          28532
 Degenerate element ERODED at cycle       21955          28416
 Element ERODED at cycle       21955          28416
 Degenerate element ERODED at cycle       21963          12590
 Element ERODED at cycle       21963          12590
 Degenerate element ERODED at cycle       22006          23090
 Element ERODED at cycle       22006          23090
 Degenerate element ERODED at cycle       22030          23755
 Element ERODED at cycle       22030          23755
 Degenerate element ERODED at cycle       22035          14470
 Element ERODED at cycle       22035          14470
 Degenerate element ERODED at cycle       22036          18924
 Element ERODED at cycle       22036          18924
 Degenerate element ERODED at cycle       22037          27952
 Element ERODED at cycle       22037          27952
 Degenerate element ERODED at cycle       22052           2644
 Element ERODED at cycle       22052           2644
 Degenerate element ERODED at cycle       22064           9888
 Element ERODED at cycle       22064           9888
 Degenerate element ERODED at cycle       22101          14608
 Element ERODED at cycle       22101          14608
 Degenerate element ERODED at cycle       22110          28472
 Element ERODED at cycle       22110          28472
 Degenerate element ERODED at cycle       22139          27895
 Element ERODED at cycle       22139          27895
 Degenerate element ERODED at cycle       22231          25657
 Element ERODED at cycle       22231          25657
 Degenerate element ERODED at cycle       22238          23839
 Element ERODED at cycle       22238          23839
 Degenerate element ERODED at cycle       22257           5397
 Element ERODED at cycle       22257           5397
 Degenerate element ERODED at cycle       22258          14419
 Element ERODED at cycle       22258          14419
 Degenerate element ERODED at cycle       22260           5385
 Element ERODED at cycle       22260           5385
 Degenerate element ERODED at cycle       22293          14274
 Element ERODED at cycle       22293          14274
 Degenerate element ERODED at cycle       22308          33072
 Element ERODED at cycle       22308          33072
 Degenerate element ERODED at cycle       22308          13711
 Element ERODED at cycle       22308          13711
 Degenerate element ERODED at cycle       22316          28158
 Element ERODED at cycle       22316          28158
 Degenerate element ERODED at cycle       22319          23828
 Element ERODED at cycle       22319          23828
 Degenerate element ERODED at cycle       22333          23319
 Element ERODED at cycle       22333          23319
 Degenerate element ERODED at cycle       22344          28401
 Element ERODED at cycle       22344          28401
 Degenerate element ERODED at cycle       22346          10139
 Element ERODED at cycle       22346          10139
 Degenerate element ERODED at cycle       22348          32441
 Element ERODED at cycle       22348          32441
 Degenerate element ERODED at cycle       22349           4668
 Element ERODED at cycle       22349           4668
 Degenerate element ERODED at cycle       22356          28430
 Element ERODED at cycle       22356          28430
 Degenerate element ERODED at cycle       22412          27677
 Element ERODED at cycle       22412          27677
 Degenerate element ERODED at cycle       22441          23905
 Element ERODED at cycle       22441          23905
 Degenerate element ERODED at cycle       22459          28457
 Element ERODED at cycle       22459          28457
 Degenerate element ERODED at cycle       22476          28533
 Element ERODED at cycle       22476          28533
 Degenerate element ERODED at cycle       22477          22708
 Element ERODED at cycle       22477          22708
 Degenerate element ERODED at cycle       22481           5308
 Element ERODED at cycle       22481           5308
 Degenerate element ERODED at cycle       22506          21030
 Element ERODED at cycle       22506          21030
 Degenerate element ERODED at cycle       22506          23847
 Element ERODED at cycle       22506          23847
 Degenerate element ERODED at cycle       22526          11900
 Element ERODED at cycle       22526          11900
 Degenerate element ERODED at cycle       22531          23753
 Element ERODED at cycle       22531          23753
 Degenerate element ERODED at cycle       22533          23842
 Element ERODED at cycle       22533          23842
 Degenerate element ERODED at cycle       22634          22839
 Element ERODED at cycle       22634          22839
 Degenerate element ERODED at cycle       22653          25784
 Element ERODED at cycle       22653          25784
 Degenerate element ERODED at cycle       22655          23519
 Element ERODED at cycle       22655          23519
 Degenerate element ERODED at cycle       22667          22656
 Element ERODED at cycle       22667          22656
 Degenerate element ERODED at cycle       22712          30314
 Element ERODED at cycle       22712          30314
 Degenerate element ERODED at cycle       22743           4804
 Element ERODED at cycle       22743           4804
 Degenerate element ERODED at cycle       22792          28473
 Element ERODED at cycle       22792          28473
 Degenerate element ERODED at cycle       22815           4612
 Element ERODED at cycle       22815           4612
 Degenerate element ERODED at cycle       22828          27957
 Element ERODED at cycle       22828          27957
 Degenerate element ERODED at cycle       22831          28193
 Element ERODED at cycle       22831          28193
 Degenerate element ERODED at cycle       22840          23856
 Element ERODED at cycle       22840          23856
 Degenerate element ERODED at cycle       22847          23904
 Element ERODED at cycle       22847          23904
 Degenerate element ERODED at cycle       22854          19330
 Element ERODED at cycle       22854          19330
 Degenerate element ERODED at cycle       22859          13545
 Element ERODED at cycle       22859          13545
 Degenerate element ERODED at cycle       22877          23845
 Element ERODED at cycle       22877          23845
 Degenerate element ERODED at cycle       22942          28467
 Element ERODED at cycle       22942          28467
 Degenerate element ERODED at cycle       22982           4895
 Element ERODED at cycle       22982           4895
 Degenerate element ERODED at cycle       22998          22474
 Element ERODED at cycle       22998          22474
 Degenerate element ERODED at cycle       23049           4661
 Element ERODED at cycle       23049           4661
 Degenerate element ERODED at cycle       23075          23027
 Element ERODED at cycle       23075          23027
 Degenerate element ERODED at cycle       23128           5312
 Element ERODED at cycle       23128           5312
 Degenerate element ERODED at cycle       23134          28190
 Element ERODED at cycle       23134          28190
 Degenerate element ERODED at cycle       23134          23033
 Element ERODED at cycle       23134          23033
 Degenerate element ERODED at cycle       23176          27674
 Element ERODED at cycle       23176          27674
 Degenerate element ERODED at cycle       23180          27537
 Element ERODED at cycle       23180          27537
 Degenerate element ERODED at cycle       23182           7456
 Element ERODED at cycle       23182           7456
 Degenerate element ERODED at cycle       23222           5376
 Element ERODED at cycle       23222           5376
 Degenerate element ERODED at cycle       23247          14088
 Element ERODED at cycle       23247          14088
 Degenerate element ERODED at cycle       23252          14723
 Element ERODED at cycle       23252          14723
 Degenerate element ERODED at cycle       23263          19244
 Element ERODED at cycle       23263          19244
 Degenerate element ERODED at cycle       23278          22517
 Element ERODED at cycle       23278          22517
 Degenerate element ERODED at cycle       23312          10141
 Element ERODED at cycle       23312          10141
 Degenerate element ERODED at cycle       23419          25577
 Element ERODED at cycle       23419          25577
 Degenerate element ERODED at cycle       23421          28487
 Element ERODED at cycle       23421          28487
 Degenerate element ERODED at cycle       23447          23260
 Element ERODED at cycle       23447          23260
 Degenerate element ERODED at cycle       23508          28201
 Element ERODED at cycle       23508          28201
 Degenerate element ERODED at cycle       23510          27898
 Element ERODED at cycle       23510          27898
 Degenerate element ERODED at cycle       23521          12589
 Element ERODED at cycle       23521          12589
 Degenerate element ERODED at cycle       23523          28490
 Element ERODED at cycle       23523          28490
 Degenerate element ERODED at cycle       23537           5389
 Element ERODED at cycle       23537           5389
 Degenerate element ERODED at cycle       23561           5399
 Element ERODED at cycle       23561           5399
 Degenerate element ERODED at cycle       23561           2648
 Element ERODED at cycle       23561           2648
 Degenerate element ERODED at cycle       23567          14711
 Element ERODED at cycle       23567          14711
 Degenerate element ERODED at cycle       23750           5450
 Element ERODED at cycle       23750           5450
 Degenerate element ERODED at cycle       23756           5121
 Element ERODED at cycle       23756           5121
 Degenerate element ERODED at cycle       23808          32023
 Element ERODED at cycle       23808          32023
 Degenerate element ERODED at cycle       23827          23565
 Element ERODED at cycle       23827          23565
 Degenerate element ERODED at cycle       23840          12824
 Element ERODED at cycle       23840          12824
 Degenerate element ERODED at cycle       23859          27732
 Element ERODED at cycle       23859          27732
 Degenerate element ERODED at cycle       23911          12148
 Element ERODED at cycle       23911          12148
 Degenerate element ERODED at cycle       23913          23581
 Element ERODED at cycle       23913          23581
 Degenerate element ERODED at cycle       23927          28408
 Element ERODED at cycle       23927          28408
 Degenerate element ERODED at cycle       23940           5117
 Element ERODED at cycle       23940           5117
 Degenerate element ERODED at cycle       23944           5320
 Element ERODED at cycle       23944           5320
 Degenerate element ERODED at cycle       23977          21046
 Element ERODED at cycle       23977          21046
 Degenerate element ERODED at cycle       23981           4418
 Element ERODED at cycle       23981           4418
 Degenerate element ERODED at cycle       23996          17298
 Element ERODED at cycle       23996          17298
 Degenerate element ERODED at cycle       23996          31822
 Element ERODED at cycle       23996          31822
 Degenerate element ERODED at cycle       24012           2560
 Element ERODED at cycle       24012           2560
 Degenerate element ERODED at cycle       24014           5342
 Element ERODED at cycle       24014           5342
 Degenerate element ERODED at cycle       24041           5380
 Element ERODED at cycle       24041           5380
 Degenerate element ERODED at cycle       24051          14227
 Element ERODED at cycle       24051          14227
 Degenerate element ERODED at cycle       24056           7453
 Element ERODED at cycle       24056           7453
 Degenerate element ERODED at cycle       24080          14282
 Element ERODED at cycle       24080          14282
 Degenerate element ERODED at cycle       24102           8809
 Element ERODED at cycle       24102           8809
 Degenerate element ERODED at cycle       24117          33073
 Element ERODED at cycle       24117          33073
 Degenerate element ERODED at cycle       24121          23783
 Element ERODED at cycle       24121          23783
 Degenerate element ERODED at cycle       24153          27498
 Element ERODED at cycle       24153          27498
 Degenerate element ERODED at cycle       24175          28470
 Element ERODED at cycle       24175          28470
 Degenerate element ERODED at cycle       24190          19233
 Element ERODED at cycle       24190          19233
 Degenerate element ERODED at cycle       24192          13390
 Element ERODED at cycle       24192          13390
 Degenerate element ERODED at cycle       24202           5123
 Element ERODED at cycle       24202           5123
 Degenerate element ERODED at cycle       24204           5049
 Element ERODED at cycle       24204           5049
 Degenerate element ERODED at cycle       24214           2654
 Element ERODED at cycle       24214           2654
 Degenerate element ERODED at cycle       24216          14096
 Element ERODED at cycle       24216          14096
 Degenerate element ERODED at cycle       24236          23814
 Element ERODED at cycle       24236          23814
 Degenerate element ERODED at cycle       24251           4807
 Element ERODED at cycle       24251           4807
 Degenerate element ERODED at cycle       24330           5108
 Element ERODED at cycle       24330           5108
 Degenerate element ERODED at cycle       24366           9739
 Element ERODED at cycle       24366           9739
 Degenerate element ERODED at cycle       24466          28426
 Element ERODED at cycle       24466          28426
 Degenerate element ERODED at cycle       24467          33145
 Element ERODED at cycle       24467          33145
 Degenerate element ERODED at cycle       24486           5309
 Element ERODED at cycle       24486           5309
 Degenerate element ERODED at cycle       24499           2532
 Element ERODED at cycle       24499           2532
 Degenerate element ERODED at cycle       24512          28321
 Element ERODED at cycle       24512          28321
 Degenerate element ERODED at cycle       24515          32811
 Element ERODED at cycle       24515          32811
 Degenerate element ERODED at cycle       24519          18535
 Element ERODED at cycle       24519          18535
 Degenerate element ERODED at cycle       24526          31651
 Element ERODED at cycle       24526          31651
 Degenerate element ERODED at cycle       24534           5129
 Element ERODED at cycle       24534           5129
 Degenerate element ERODED at cycle       24602          18944
 Element ERODED at cycle       24602          18944
 Degenerate element ERODED at cycle       24667          23029
 Element ERODED at cycle       24667          23029
 Degenerate element ERODED at cycle       24683          22890
 Element ERODED at cycle       24683          22890
 Degenerate element ERODED at cycle       24687           5395
 Element ERODED at cycle       24687           5395
 Degenerate element ERODED at cycle       24715          32600
 Element ERODED at cycle       24715          32600
 Degenerate element ERODED at cycle       24774          10032
 Element ERODED at cycle       24774          10032
 Degenerate element ERODED at cycle       24774           7445
 Element ERODED at cycle       24774           7445
 Degenerate element ERODED at cycle       24780           5361
 Element ERODED at cycle       24780           5361
 Degenerate element ERODED at cycle       24795          10512
 Element ERODED at cycle       24795          10512
 Degenerate element ERODED at cycle       24813           4625
 Element ERODED at cycle       24813           4625
 Degenerate element ERODED at cycle       24861           4461
 Element ERODED at cycle       24861           4461
 Degenerate element ERODED at cycle       24891          19357
 Element ERODED at cycle       24891          19357
 Degenerate element ERODED at cycle       24922           9002
 Element ERODED at cycle       24922           9002
 Degenerate element ERODED at cycle       24935          19353
 Element ERODED at cycle       24935          19353
 Degenerate element ERODED at cycle       24945           9996
 Element ERODED at cycle       24945           9996
 Degenerate element ERODED at cycle       24968           4896
 Element ERODED at cycle       24968           4896
 Degenerate element ERODED at cycle       25020          23504
 Element ERODED at cycle       25020          23504
 Degenerate element ERODED at cycle       25133           4670
 Element ERODED at cycle       25133           4670
 Degenerate element ERODED at cycle       25133           5392
 Element ERODED at cycle       25133           5392
 Degenerate element ERODED at cycle       25137          23864
 Element ERODED at cycle       25137          23864
 Degenerate element ERODED at cycle       25153          14571
 Element ERODED at cycle       25153          14571
 Degenerate element ERODED at cycle       25182          19110
 Element ERODED at cycle       25182          19110
 Degenerate element ERODED at cycle       25192          14600
 Element ERODED at cycle       25192          14600
 Degenerate element ERODED at cycle       25196          17852
 Element ERODED at cycle       25196          17852
 Degenerate element ERODED at cycle       25197           4261
 Element ERODED at cycle       25197           4261
 Degenerate element ERODED at cycle       25200           5133
 Element ERODED at cycle       25200           5133
 Degenerate element ERODED at cycle       25204          31052
 Element ERODED at cycle       25204          31052
 Degenerate element ERODED at cycle       25209          28160
 Element ERODED at cycle       25209          28160
 Degenerate element ERODED at cycle       25220           5325
 Element ERODED at cycle       25220           5325
 Degenerate element ERODED at cycle       25227          22477
 Element ERODED at cycle       25227          22477
 Degenerate element ERODED at cycle       25246          23867
 Element ERODED at cycle       25246          23867
 Degenerate element ERODED at cycle       25252           2551
 Element ERODED at cycle       25252           2551
 Degenerate element ERODED at cycle       25258          33076
 Element ERODED at cycle       25258          33076
 Degenerate element ERODED at cycle       25271           5069
 Element ERODED at cycle       25271           5069
 Degenerate element ERODED at cycle       25271           7285
 Element ERODED at cycle       25271           7285
 Degenerate element ERODED at cycle       25273          28159
 Element ERODED at cycle       25273          28159
 Degenerate element ERODED at cycle       25298           9661
 Element ERODED at cycle       25298           9661
 Degenerate element ERODED at cycle       25304          33182
 Element ERODED at cycle       25304          33182
 Degenerate element ERODED at cycle       25333          10078
 Element ERODED at cycle       25333          10078
 Degenerate element ERODED at cycle       25376           9555
 Element ERODED at cycle       25376           9555
 Degenerate element ERODED at cycle       25378          10006
 Element ERODED at cycle       25378          10006
 Degenerate element ERODED at cycle       25384           4608
 Element ERODED at cycle       25384           4608
 Degenerate element ERODED at cycle       25406          10009
 Element ERODED at cycle       25406          10009
 Degenerate element ERODED at cycle       25406           5059
 Element ERODED at cycle       25406           5059
 Degenerate element ERODED at cycle       25413           4606
 Element ERODED at cycle       25413           4606
 Degenerate element ERODED at cycle       25413          27726
 Element ERODED at cycle       25413          27726
 Degenerate element ERODED at cycle       25444           5050
 Element ERODED at cycle       25444           5050
 Degenerate element ERODED at cycle       25450          19339
 Element ERODED at cycle       25450          19339
 Degenerate element ERODED at cycle       25452          32784
 Element ERODED at cycle       25452          32784
 Degenerate element ERODED at cycle       25489          19203
 Element ERODED at cycle       25489          19203
 Degenerate element ERODED at cycle       25492           9473
 Element ERODED at cycle       25492           9473
 Degenerate element ERODED at cycle       25501          14491
 Element ERODED at cycle       25501          14491
 Degenerate element ERODED at cycle       25519          32817
 Element ERODED at cycle       25519          32817
 Degenerate element ERODED at cycle       25523           2638
 Element ERODED at cycle       25523           2638
 Degenerate element ERODED at cycle       25526           2550
 Element ERODED at cycle       25526           2550
 Degenerate element ERODED at cycle       25544          22829
 Element ERODED at cycle       25544          22829
 Degenerate element ERODED at cycle       25550          10021
 Element ERODED at cycle       25550          10021
 Degenerate element ERODED at cycle       25561           7294
 Element ERODED at cycle       25561           7294
 Degenerate element ERODED at cycle       25564          18353
 Element ERODED at cycle       25564          18353
 Degenerate element ERODED at cycle       25564          14203
 Element ERODED at cycle       25564          14203
 Degenerate element ERODED at cycle       25584          30483
 Element ERODED at cycle       25584          30483
 Degenerate element ERODED at cycle       25587           2549
 Element ERODED at cycle       25587           2549
 Degenerate element ERODED at cycle       25591           7444
 Element ERODED at cycle       25591           7444
 Degenerate element ERODED at cycle       25643          23789
 Element ERODED at cycle       25643          23789
 Degenerate element ERODED at cycle       25713           9889
 Element ERODED at cycle       25713           9889
 Degenerate element ERODED at cycle       25745          13888
 Element ERODED at cycle       25745          13888
 Degenerate element ERODED at cycle       25750          22664
 Element ERODED at cycle       25750          22664
 Degenerate element ERODED at cycle       25784          33144
 Element ERODED at cycle       25784          33144
 Degenerate element ERODED at cycle       25800          22336
 Element ERODED at cycle       25800          22336
 Degenerate element ERODED at cycle       25823          14652
 Element ERODED at cycle       25823          14652
 Degenerate element ERODED at cycle       25838          18945
 Element ERODED at cycle       25838          18945
 Degenerate element ERODED at cycle       25860          28219
 Element ERODED at cycle       25860          28219
 Degenerate element ERODED at cycle       25862          22514
 Element ERODED at cycle       25862          22514
 Degenerate element ERODED at cycle       25904           9337
 Element ERODED at cycle       25904           9337
 Degenerate element ERODED at cycle       25956          18900
 Element ERODED at cycle       25956          18900
 Degenerate element ERODED at cycle       25979          28125
 Element ERODED at cycle       25979          28125
 Degenerate element ERODED at cycle       25982           5043
 Element ERODED at cycle       25982           5043
 Degenerate element ERODED at cycle       26007          21032
 Element ERODED at cycle       26007          21032
 Degenerate element ERODED at cycle       26015          23275
 Element ERODED at cycle       26015          23275
 Degenerate element ERODED at cycle       26051          19208
 Element ERODED at cycle       26051          19208
 Degenerate element ERODED at cycle       26095          31364
 Element ERODED at cycle       26095          31364
 Degenerate element ERODED at cycle       26102          14655
 Element ERODED at cycle       26102          14655
 Degenerate element ERODED at cycle       26117           5367
 Element ERODED at cycle       26117           5367
 Degenerate element ERODED at cycle       26121          33133
 Element ERODED at cycle       26121          33133
 Degenerate element ERODED at cycle       26131          23829
 Element ERODED at cycle       26131          23829
 Degenerate element ERODED at cycle       26159           9886
 Element ERODED at cycle       26159           9886
 Degenerate element ERODED at cycle       26162          23843
 Element ERODED at cycle       26162          23843
 Degenerate element ERODED at cycle       26167          25797
 Element ERODED at cycle       26167          25797
 Degenerate element ERODED at cycle       26172           4691
 Element ERODED at cycle       26172           4691
 Degenerate element ERODED at cycle       26182          28458
 Element ERODED at cycle       26182          28458
 Degenerate element ERODED at cycle       26217          19094
 Element ERODED at cycle       26217          19094
 Degenerate element ERODED at cycle       26222           5085
 Element ERODED at cycle       26222           5085
 Degenerate element ERODED at cycle       26266          32815
 Element ERODED at cycle       26266          32815
 Degenerate element ERODED at cycle       26286           4858
 Element ERODED at cycle       26286           4858
 Degenerate element ERODED at cycle       26292          16687
 Element ERODED at cycle       26292          16687
 Degenerate element ERODED at cycle       26302           9493
 Element ERODED at cycle       26302           9493
 Degenerate element ERODED at cycle       26334          23849
 Element ERODED at cycle       26334          23849
 Degenerate element ERODED at cycle       26338          10014
 Element ERODED at cycle       26338          10014
 Degenerate element ERODED at cycle       26340           9727
 Element ERODED at cycle       26340           9727
 Degenerate element ERODED at cycle       26356          30453
 Element ERODED at cycle       26356          30453
 Degenerate element ERODED at cycle       26374          32733
 Element ERODED at cycle       26374          32733
 Degenerate element ERODED at cycle       26427          22884
 Element ERODED at cycle       26427          22884
 Degenerate element ERODED at cycle       26442          33052
 Element ERODED at cycle       26442          33052
 Degenerate element ERODED at cycle       26495          13703
 Element ERODED at cycle       26495          13703
 Degenerate element ERODED at cycle       26536           5350
 Element ERODED at cycle       26536           5350
 Degenerate element ERODED at cycle       26624          27680
 Element ERODED at cycle       26624          27680
 Degenerate element ERODED at cycle       26629           7293
 Element ERODED at cycle       26629           7293
 Degenerate element ERODED at cycle       26631           7203
 Element ERODED at cycle       26631           7203
 Degenerate element ERODED at cycle       26641          33062
 Element ERODED at cycle       26641          33062
 Degenerate element ERODED at cycle       26643          22705
 Element ERODED at cycle       26643          22705
 Degenerate element ERODED at cycle       26646           9167
 Element ERODED at cycle       26646           9167
 Degenerate element ERODED at cycle       26711           6990
 Element ERODED at cycle       26711           6990
 Degenerate element ERODED at cycle       26713          32722
 Element ERODED at cycle       26713          32722
 Degenerate element ERODED at cycle       26761          12823
 Element ERODED at cycle       26761          12823
 Degenerate element ERODED at cycle       26774          22464
 Element ERODED at cycle       26774          22464
 Degenerate element ERODED at cycle       26798           9480
 Element ERODED at cycle       26798           9480
 Degenerate element ERODED at cycle       26806           4459
 Element ERODED at cycle       26806           4459
 Degenerate element ERODED at cycle       26873          10074
 Element ERODED at cycle       26873          10074
 Degenerate element ERODED at cycle       26875          18917
 Element ERODED at cycle       26875          18917
 Degenerate element ERODED at cycle       26880          19335
 Element ERODED at cycle       26880          19335
 Degenerate element ERODED at cycle       26892          27530
 Element ERODED at cycle       26892          27530
 Degenerate element ERODED at cycle       26923          32956
 Element ERODED at cycle       26923          32956
 Degenerate element ERODED at cycle       26925          23086
 Element ERODED at cycle       26925          23086
 Degenerate element ERODED at cycle       26957          10128
 Element ERODED at cycle       26957          10128
 Degenerate element ERODED at cycle       26964           8492
 Element ERODED at cycle       26964           8492
 Degenerate element ERODED at cycle       26995          21031
 Element ERODED at cycle       26995          21031
 Degenerate element ERODED at cycle       27029          33091
 Element ERODED at cycle       27029          33091
 Degenerate element ERODED at cycle       27031          19297
 Element ERODED at cycle       27031          19297
 Degenerate element ERODED at cycle       27131          25791
 Element ERODED at cycle       27131          25791
 Degenerate element ERODED at cycle       27155          22711
 Element ERODED at cycle       27155          22711
 Degenerate element ERODED at cycle       27158          12779
 Element ERODED at cycle       27158          12779
 Degenerate element ERODED at cycle       27200           5075
 Element ERODED at cycle       27200           5075
 Degenerate element ERODED at cycle       27209          14597
 Element ERODED at cycle       27209          14597
 Degenerate element ERODED at cycle       27221          28164
 Element ERODED at cycle       27221          28164
 Degenerate element ERODED at cycle       27227          28169
 Element ERODED at cycle       27227          28169
 Degenerate element ERODED at cycle       27246          30479
 Element ERODED at cycle       27246          30479
 Degenerate element ERODED at cycle       27262           5338
 Element ERODED at cycle       27262           5338
 Degenerate element ERODED at cycle       27268           2647
 Element ERODED at cycle       27268           2647
 Degenerate element ERODED at cycle       27307           4211
 Element ERODED at cycle       27307           4211
 Degenerate element ERODED at cycle       27428          33178
 Element ERODED at cycle       27428          33178
 Degenerate element ERODED at cycle       27487          27917
 Element ERODED at cycle       27487          27917
 Degenerate element ERODED at cycle       27503           5407
 Element ERODED at cycle       27503           5407
 Degenerate element ERODED at cycle       27532          14661
 Element ERODED at cycle       27532          14661
 Degenerate element ERODED at cycle       27538          22333
 Element ERODED at cycle       27538          22333
 Degenerate element ERODED at cycle       27547           5068
 Element ERODED at cycle       27547           5068
 Degenerate element ERODED at cycle       27549          10476
 Element ERODED at cycle       27549          10476
 Degenerate element ERODED at cycle       27557          28397
 Element ERODED at cycle       27557          28397
 Degenerate element ERODED at cycle       27566          10081
 Element ERODED at cycle       27566          10081
 Degenerate element ERODED at cycle       27597          21989
 Element ERODED at cycle       27597          21989
 Degenerate element ERODED at cycle       27612           4620
 Element ERODED at cycle       27612           4620
 Degenerate element ERODED at cycle       27647          11819
 Element ERODED at cycle       27647          11819
 Degenerate element ERODED at cycle       27648           4866
 Element ERODED at cycle       27648           4866
 Degenerate element ERODED at cycle       27654          19259
 Element ERODED at cycle       27654          19259
 Degenerate element ERODED at cycle       27684          12952
 Element ERODED at cycle       27684          12952
 Degenerate element ERODED at cycle       27692          18189
 Element ERODED at cycle       27692          18189
 Degenerate element ERODED at cycle       27708          23326
 Element ERODED at cycle       27708          23326
 Degenerate element ERODED at cycle       27714          28418
 Element ERODED at cycle       27714          28418
 Degenerate element ERODED at cycle       27731           1048
 Element ERODED at cycle       27731           1048
 Degenerate element ERODED at cycle       27746          25680
 Element ERODED at cycle       27746          25680
 Degenerate element ERODED at cycle       27878           5100
 Element ERODED at cycle       27878           5100
 Degenerate element ERODED at cycle       27885           2554
 Element ERODED at cycle       27885           2554
 Degenerate element ERODED at cycle       27905          12116
 Element ERODED at cycle       27905          12116
 Degenerate element ERODED at cycle       27917          33087
 Element ERODED at cycle       27917          33087
 Degenerate element ERODED at cycle       27947           1053
 Element ERODED at cycle       27947           1053
 Degenerate element ERODED at cycle       27968          25547
 Element ERODED at cycle       27968          25547
 Degenerate element ERODED at cycle       27989          28215
 Element ERODED at cycle       27989          28215
 Degenerate element ERODED at cycle       28084          27735
 Element ERODED at cycle       28084          27735
 Degenerate element ERODED at cycle       28148          10475
 Element ERODED at cycle       28148          10475
 Degenerate element ERODED at cycle       28157          23805
 Element ERODED at cycle       28157          23805
 Degenerate element ERODED at cycle       28161           9737
 Element ERODED at cycle       28161           9737
 Degenerate element ERODED at cycle       28188           9989
 Element ERODED at cycle       28188           9989
 Degenerate element ERODED at cycle       28191          27441
 Element ERODED at cycle       28191          27441
 Degenerate element ERODED at cycle       28217          11580
 Element ERODED at cycle       28217          11580
 Degenerate element ERODED at cycle       28227          25685
 Element ERODED at cycle       28227          25685
 Degenerate element ERODED at cycle       28229           4071
 Element ERODED at cycle       28229           4071
 Degenerate element ERODED at cycle       28234           9684
 Element ERODED at cycle       28234           9684
 Degenerate element ERODED at cycle       28260          21033
 Element ERODED at cycle       28260          21033
 Degenerate element ERODED at cycle       28286          13455
 Element ERODED at cycle       28286          13455
 Degenerate element ERODED at cycle       28327          25562
 Element ERODED at cycle       28327          25562
 Degenerate element ERODED at cycle       28364          12186
 Element ERODED at cycle       28364          12186
 Degenerate element ERODED at cycle       28382          28218
 Element ERODED at cycle       28382          28218
 Degenerate element ERODED at cycle       28401          27750
 Element ERODED at cycle       28401          27750
 Degenerate element ERODED at cycle       28440           5104
 Element ERODED at cycle       28440           5104
 Degenerate element ERODED at cycle       28475           9986
 Element ERODED at cycle       28475           9986
 Degenerate element ERODED at cycle       28497           5355
 Element ERODED at cycle       28497           5355
 Degenerate element ERODED at cycle       28517           9653
 Element ERODED at cycle       28517           9653
 Degenerate element ERODED at cycle       28615           8652
 Element ERODED at cycle       28615           8652
 Degenerate element ERODED at cycle       28639          27959
 Element ERODED at cycle       28639          27959
 Degenerate element ERODED at cycle       28646          15072
 Element ERODED at cycle       28646          15072
 Degenerate element ERODED at cycle       28670          32649
 Element ERODED at cycle       28670          32649
 Degenerate element ERODED at cycle       28702          12949
 Element ERODED at cycle       28702          12949
 Degenerate element ERODED at cycle       28742          18929
 Element ERODED at cycle       28742          18929
 Degenerate element ERODED at cycle       28756           9695
 Element ERODED at cycle       28756           9695
 Degenerate element ERODED at cycle       28756           9743
 Element ERODED at cycle       28756           9743
 Degenerate element ERODED at cycle       28787          23679
 Element ERODED at cycle       28787          23679
 Degenerate element ERODED at cycle       28795           7283
 Element ERODED at cycle       28795           7283
 Degenerate element ERODED at cycle       28795          10126
 Element ERODED at cycle       28795          10126
 Degenerate element ERODED at cycle       28817          23825
 Element ERODED at cycle       28817          23825
 Degenerate element ERODED at cycle       28903          20791
 Element ERODED at cycle       28903          20791
 Degenerate element ERODED at cycle       28919           5373
 Element ERODED at cycle       28919           5373
 Degenerate element ERODED at cycle       28960          23810
 Element ERODED at cycle       28960          23810
 Degenerate element ERODED at cycle       28979          14598
 Element ERODED at cycle       28979          14598
 Degenerate element ERODED at cycle       28993          23833
 Element ERODED at cycle       28993          23833
 Degenerate element ERODED at cycle       29035          25796
 Element ERODED at cycle       29035          25796
 Degenerate element ERODED at cycle       29103          22831
 Element ERODED at cycle       29103          22831
 Degenerate element ERODED at cycle       29113          14713
 Element ERODED at cycle       29113          14713
 Degenerate element ERODED at cycle       29116           4258
 Element ERODED at cycle       29116           4258
 Degenerate element ERODED at cycle       29123          23499
 Element ERODED at cycle       29123          23499
 Degenerate element ERODED at cycle       29137           9984
 Element ERODED at cycle       29137           9984
 Degenerate element ERODED at cycle       29168           9884
 Element ERODED at cycle       29168           9884
 Degenerate element ERODED at cycle       29169          23853
 Element ERODED at cycle       29169          23853
 Degenerate element ERODED at cycle       29202          31095
 Element ERODED at cycle       29202          31095
 Degenerate element ERODED at cycle       29205           8488
 Element ERODED at cycle       29205           8488
 Degenerate element ERODED at cycle       29257          28165
 Element ERODED at cycle       29257          28165
 Degenerate element ERODED at cycle       29266          23566
 Element ERODED at cycle       29266          23566
 Degenerate element ERODED at cycle       29287           5446
 Element ERODED at cycle       29287           5446
 Degenerate element ERODED at cycle       29298           5311
 Element ERODED at cycle       29298           5311
 Degenerate element ERODED at cycle       29401           9749
 Element ERODED at cycle       29401           9749
 Degenerate element ERODED at cycle       29402           9655
 Element ERODED at cycle       29402           9655
 Degenerate element ERODED at cycle       29403          25683
 Element ERODED at cycle       29403          25683
 Degenerate element ERODED at cycle       29424          25807
 Element ERODED at cycle       29424          25807
 Degenerate element ERODED at cycle       29460           4607
 Element ERODED at cycle       29460           4607
 Degenerate element ERODED at cycle       29498          32662
 Element ERODED at cycle       29498          32662
 Degenerate element ERODED at cycle       29619          28143
 Element ERODED at cycle       29619          28143
 Degenerate element ERODED at cycle       29631          10134
 Element ERODED at cycle       29631          10134
 Degenerate element ERODED at cycle       29641           9346
 Element ERODED at cycle       29641           9346
 Degenerate element ERODED at cycle       29687          30465
 Element ERODED at cycle       29687          30465
 Degenerate element ERODED at cycle       29690          19060
 Element ERODED at cycle       29690          19060
 Degenerate element ERODED at cycle       29691          25461
 Element ERODED at cycle       29691          25461
 Degenerate element ERODED at cycle       29718           9159
 Element ERODED at cycle       29718           9159
 Degenerate element ERODED at cycle       29764           5116
 Element ERODED at cycle       29764           5116
 Degenerate element ERODED at cycle       29938           5115
 Element ERODED at cycle       29938           5115
 Degenerate element ERODED at cycle       29946          14623
 Element ERODED at cycle       29946          14623
 Degenerate element ERODED at cycle       29960          11716
 Element ERODED at cycle       29960          11716
 Degenerate element ERODED at cycle       29973          23497
 Element ERODED at cycle       29973          23497
 Degenerate element ERODED at cycle       29997           9329
 Element ERODED at cycle       29997           9329
 Degenerate element ERODED at cycle       30035          16035
 Element ERODED at cycle       30035          16035
 Degenerate element ERODED at cycle       30035          18194
 Element ERODED at cycle       30035          18194
 Degenerate element ERODED at cycle       30054          28217
 Element ERODED at cycle       30054          28217
 Degenerate element ERODED at cycle       30119          18927
 Element ERODED at cycle       30119          18927
 Degenerate element ERODED at cycle       30131          19308
 Element ERODED at cycle       30131          19308
 Degenerate element ERODED at cycle       30168          33180
 Element ERODED at cycle       30168          33180
 Degenerate element ERODED at cycle       30185          23561
 Element ERODED at cycle       30185          23561
 Degenerate element ERODED at cycle       30243          14604
 Element ERODED at cycle       30243          14604
 Degenerate element ERODED at cycle       30247          28202
 Element ERODED at cycle       30247          28202
 Degenerate element ERODED at cycle       30303          23503
 Element ERODED at cycle       30303          23503
 Degenerate element ERODED at cycle       30330           4850
 Element ERODED at cycle       30330           4850
 Degenerate element ERODED at cycle       30362           5307
 Element ERODED at cycle       30362           5307
 Degenerate element ERODED at cycle       30378           2087
 Element ERODED at cycle       30378           2087
 Degenerate element ERODED at cycle       30401          30478
 Element ERODED at cycle       30401          30478
 Degenerate element ERODED at cycle       30483          19347
 Element ERODED at cycle       30483          19347
 Degenerate element ERODED at cycle       30528          14418
 Element ERODED at cycle       30528          14418
 Degenerate element ERODED at cycle       30545          23110
 Element ERODED at cycle       30545          23110
 Degenerate element ERODED at cycle       30575          23028
 Element ERODED at cycle       30575          23028
 Degenerate element ERODED at cycle       30615          10513
 Element ERODED at cycle       30615          10513
 Degenerate element ERODED at cycle       30645           7466
 Element ERODED at cycle       30645           7466
 Degenerate element ERODED at cycle       30645          23500
 Element ERODED at cycle       30645          23500
 Degenerate element ERODED at cycle       30649           2278
 Element ERODED at cycle       30649           2278
 Degenerate element ERODED at cycle       30668           5398
 Element ERODED at cycle       30668           5398
 Degenerate element ERODED at cycle       30673           2533
 Element ERODED at cycle       30673           2533
 Degenerate element ERODED at cycle       30775          22322
 Element ERODED at cycle       30775          22322
 Degenerate element ERODED at cycle       30812          19260
 Element ERODED at cycle       30812          19260
 Degenerate element ERODED at cycle       30861          19345
 Element ERODED at cycle       30861          19345
 Degenerate element ERODED at cycle       30880           4061
 Element ERODED at cycle       30880           4061
 Degenerate element ERODED at cycle       30941          33064
 Element ERODED at cycle       30941          33064
 Degenerate element ERODED at cycle       30944          28197
 Element ERODED at cycle       30944          28197
 Degenerate element ERODED at cycle       30951           9097
 Element ERODED at cycle       30951           9097
 Degenerate element ERODED at cycle       30987          18669
 Element ERODED at cycle       30987          18669
 Degenerate element ERODED at cycle       31014          21045
 Element ERODED at cycle       31014          21045
 Degenerate element ERODED at cycle       31026          14633
 Element ERODED at cycle       31026          14633
 Degenerate element ERODED at cycle       31031          23796
 Element ERODED at cycle       31031          23796
 Degenerate element ERODED at cycle       31039          28425
 Element ERODED at cycle       31039          28425
 Degenerate element ERODED at cycle       31103          18865
 Element ERODED at cycle       31103          18865
 Degenerate element ERODED at cycle       31109          12163
 Element ERODED at cycle       31109          12163
 Degenerate element ERODED at cycle       31162          23510
 Element ERODED at cycle       31162          23510
 Degenerate element ERODED at cycle       31165          10116
 Element ERODED at cycle       31165          10116
 Degenerate element ERODED at cycle       31207           6788
 Element ERODED at cycle       31207           6788
 Degenerate element ERODED at cycle       31209          10155
 Element ERODED at cycle       31209          10155
 Degenerate element ERODED at cycle       31245          25774
 Element ERODED at cycle       31245          25774
 Degenerate element ERODED at cycle       31258           2639
 Element ERODED at cycle       31258           2639
 Degenerate element ERODED at cycle       31281          13710
 Element ERODED at cycle       31281          13710
 Degenerate element ERODED at cycle       31410           9754
 Element ERODED at cycle       31410           9754
 Degenerate element ERODED at cycle       31442          23766
 Element ERODED at cycle       31442          23766
 Degenerate element ERODED at cycle       31465          19584
 Element ERODED at cycle       31465          19584
 Degenerate element ERODED at cycle       31474           5086
 Element ERODED at cycle       31474           5086
 Degenerate element ERODED at cycle       31497           7272
 Element ERODED at cycle       31497           7272
 Degenerate element ERODED at cycle       31513           2633
 Element ERODED at cycle       31513           2633
 Degenerate element ERODED at cycle       31641          19188
 Element ERODED at cycle       31641          19188
 Degenerate element ERODED at cycle       31674          16711
 Element ERODED at cycle       31674          16711
 Degenerate element ERODED at cycle       31706          27540
 Element ERODED at cycle       31706          27540
 Degenerate element ERODED at cycle       31727          23855
 Element ERODED at cycle       31727          23855
 Degenerate element ERODED at cycle       31758          19225
 Element ERODED at cycle       31758          19225
 Degenerate element ERODED at cycle       31770          19583
 Element ERODED at cycle       31770          19583
 Degenerate element ERODED at cycle       31811          32748
 Element ERODED at cycle       31811          32748
 Degenerate element ERODED at cycle       31845           9432
 Element ERODED at cycle       31845           9432
 Degenerate element ERODED at cycle       31857          20713
 Element ERODED at cycle       31857          20713
 Degenerate element ERODED at cycle       31882          27628
 Element ERODED at cycle       31882          27628
 Degenerate element ERODED at cycle       31887           5237
 Element ERODED at cycle       31887           5237
 Degenerate element ERODED at cycle       31898          14112
 Element ERODED at cycle       31898          14112
 Degenerate element ERODED at cycle       31907          14391
 Element ERODED at cycle       31907          14391
 Degenerate element ERODED at cycle       31947           9485
 Element ERODED at cycle       31947           9485
 Degenerate element ERODED at cycle       31948          10004
 Element ERODED at cycle       31948          10004
 Degenerate element ERODED at cycle       32014          12043
 Element ERODED at cycle       32014          12043
 Degenerate element ERODED at cycle       32031           5401
 Element ERODED at cycle       32031           5401
 Degenerate element ERODED at cycle       32052           4068
 Element ERODED at cycle       32052           4068
 Degenerate element ERODED at cycle       32063          28454
 Element ERODED at cycle       32063          28454
 Degenerate element ERODED at cycle       32072           4875
 Element ERODED at cycle       32072           4875
 Degenerate element ERODED at cycle       32129          16710
 Element ERODED at cycle       32129          16710
 Degenerate element ERODED at cycle       32206          32025
 Element ERODED at cycle       32206          32025
